<?xml version="1.0" encoding="UTF-8"?>
<!-- Generated by org.testng.reporters.JUnitXMLReporter -->
<testsuite ignored="0" hostname="DESKTOP-5RK9T99" failures="0" tests="4" name="Testing on firefox" time="257.671" errors="0" timestamp="2024-09-22T21:25:47 NPT">
  <testcase classname="com.project.bachthree.automation.qa.tests.RegisterTest" name="verifyRegisterTest" time="6.028"/>
  <testcase classname="com.project.bachthree.automation.qa.tests.FormStoneChechBoxTest" name="verifyAllClicksOnCheckBoxes" time="2.016"/>
  <testcase classname="com.project.bachthree.automation.qa.tests.WindowHanldeTest" name="verifyWindowHandleTest" time="0.022"/>
  <testcase classname="com.project.bachthree.automation.qa.tests.TotalQAHomePageCheckBoxClickTest" name="verifyAllClicksOnCheckBoxes" time="2.014"/>
</testsuite> <!-- Testing on firefox -->
