<?xml version="1.0" encoding="UTF-8"?>
<!-- Generated by org.testng.reporters.JUnitXMLReporter -->
<testsuite ignored="0" hostname="DESKTOP-5RK9T99" failures="0" tests="4" name="Testing on edge" time="50.496" errors="0" timestamp="2024-09-22T21:26:38 NPT">
  <testcase classname="com.project.bachthree.automation.qa.tests.RegisterTest" name="verifyRegisterTest" time="4.483"/>
  <testcase classname="com.project.bachthree.automation.qa.tests.FormStoneChechBoxTest" name="verifyAllClicksOnCheckBoxes" time="2.01"/>
  <testcase classname="com.project.bachthree.automation.qa.tests.WindowHanldeTest" name="verifyWindowHandleTest" time="0.014"/>
  <testcase classname="com.project.bachthree.automation.qa.tests.TotalQAHomePageCheckBoxClickTest" name="verifyAllClicksOnCheckBoxes" time="2.012"/>
</testsuite> <!-- Testing on edge -->
