<?xml version="1.0" encoding="UTF-8"?>
<!-- Generated by org.testng.reporters.JUnitReportReporter -->
<testsuite hostname="DESKTOP-5RK9T99" failures="0" tests="2" name="com.project.bachthree.automation.qa.tests.FormStoneChechBoxTest" time="23.502" errors="2" timestamp="2024-11-11T18:20:51 NPT" skipped="0">
  <testcase classname="com.project.bachthree.automation.qa.tests.FormStoneChechBoxTest" name="verifyAllClicksOnCheckBoxes" time="19.280">
    <error message="Browsing context has been discarded
Build info: version: &#039;4.24.0&#039;, revision: &#039;748ffc9bc3&#039;
System info: os.name: &#039;Windows 10&#039;, os.arch: &#039;amd64&#039;, os.version: &#039;10.0&#039;, java.version: &#039;17.0.7&#039;
Driver info: org.openqa.selenium.firefox.FirefoxDriver
Command: [209988ff-1d71-4000-97bf-892c64dfcdc7, findElements {value=(//form[@class=&#039;form demo_form&#039;])[1]/child::fieldset//div[@class=&#039;fs-checkbox-flag&#039;], using=xpath}]
Capabilities {acceptInsecureCerts: true, browserName: firefox, browserVersion: 132.0.1, moz:accessibilityChecks: false, moz:buildID: 20241103194048, moz:debuggerAddress: 127.0.0.1:30170, moz:geckodriverVersion: 0.35.0, moz:headless: false, moz:platformVersion: 10.0, moz:processID: 15088, moz:profile: C:\Users\USER\AppData\Local..., moz:shutdownTimeout: 60000, moz:webdriverClick: true, moz:windowless: false, pageLoadStrategy: normal, platformName: windows, proxy: Proxy(), se:cdp: ws://127.0.0.1:30170/devtoo..., se:cdpVersion: 85.0, setWindowRect: true, strictFileInteractability: false, timeouts: {implicit: 0, pageLoad: 300000, script: 30000}, unhandledPromptBehavior: dismiss and notify, userAgent: Mozilla/5.0 (Windows NT 10....}
Session ID: 209988ff-1d71-4000-97bf-892c64dfcdc7" type="org.openqa.selenium.NoSuchWindowException">
      <![CDATA[org.openqa.selenium.NoSuchWindowException: Browsing context has been discarded
Build info: version: '4.24.0', revision: '748ffc9bc3'
System info: os.name: 'Windows 10', os.arch: 'amd64', os.version: '10.0', java.version: '17.0.7'
Driver info: org.openqa.selenium.firefox.FirefoxDriver
Command: [209988ff-1d71-4000-97bf-892c64dfcdc7, findElements {value=(//form[@class='form demo_form'])[1]/child::fieldset//div[@class='fs-checkbox-flag'], using=xpath}]
Capabilities {acceptInsecureCerts: true, browserName: firefox, browserVersion: 132.0.1, moz:accessibilityChecks: false, moz:buildID: 20241103194048, moz:debuggerAddress: 127.0.0.1:30170, moz:geckodriverVersion: 0.35.0, moz:headless: false, moz:platformVersion: 10.0, moz:processID: 15088, moz:profile: C:\Users\USER\AppData\Local..., moz:shutdownTimeout: 60000, moz:webdriverClick: true, moz:windowless: false, pageLoadStrategy: normal, platformName: windows, proxy: Proxy(), se:cdp: ws://127.0.0.1:30170/devtoo..., se:cdpVersion: 85.0, setWindowRect: true, strictFileInteractability: false, timeouts: {implicit: 0, pageLoad: 300000, script: 30000}, unhandledPromptBehavior: dismiss and notify, userAgent: Mozilla/5.0 (Windows NT 10....}
Session ID: 209988ff-1d71-4000-97bf-892c64dfcdc7
at java.base/jdk.internal.reflect.NativeConstructorAccessorImpl.newInstance0(Native Method)
at java.base/jdk.internal.reflect.NativeConstructorAccessorImpl.newInstance(NativeConstructorAccessorImpl.java:77)
at java.base/jdk.internal.reflect.DelegatingConstructorAccessorImpl.newInstance(DelegatingConstructorAccessorImpl.java:45)
at java.base/java.lang.reflect.Constructor.newInstanceWithCaller(Constructor.java:499)
at java.base/java.lang.reflect.Constructor.newInstance(Constructor.java:480)
at org.openqa.selenium.remote.ErrorCodec.decode(ErrorCodec.java:167)
at org.openqa.selenium.remote.codec.w3c.W3CHttpResponseCodec.decode(W3CHttpResponseCodec.java:138)
at org.openqa.selenium.remote.codec.w3c.W3CHttpResponseCodec.decode(W3CHttpResponseCodec.java:50)
at org.openqa.selenium.remote.HttpCommandExecutor.execute(HttpCommandExecutor.java:190)
at org.openqa.selenium.remote.service.DriverCommandExecutor.invokeExecute(DriverCommandExecutor.java:216)
at org.openqa.selenium.remote.service.DriverCommandExecutor.execute(DriverCommandExecutor.java:174)
at org.openqa.selenium.remote.RemoteWebDriver.execute(RemoteWebDriver.java:545)
at org.openqa.selenium.remote.ElementLocation$ElementFinder$2.findElements(ElementLocation.java:182)
at org.openqa.selenium.remote.ElementLocation.findElements(ElementLocation.java:103)
at org.openqa.selenium.remote.RemoteWebDriver.findElements(RemoteWebDriver.java:381)
at org.openqa.selenium.remote.RemoteWebDriver.findElements(RemoteWebDriver.java:375)
at java.base/jdk.internal.reflect.NativeMethodAccessorImpl.invoke0(Native Method)
at java.base/jdk.internal.reflect.NativeMethodAccessorImpl.invoke(NativeMethodAccessorImpl.java:77)
at java.base/jdk.internal.reflect.DelegatingMethodAccessorImpl.invoke(DelegatingMethodAccessorImpl.java:43)
at java.base/java.lang.reflect.Method.invoke(Method.java:568)
at org.openqa.selenium.support.decorators.WebDriverDecorator.call(WebDriverDecorator.java:249)
at org.openqa.selenium.support.decorators.DefaultDecorated.call(DefaultDecorated.java:48)
at org.openqa.selenium.support.decorators.WebDriverDecorator.lambda$createProxy$2(WebDriverDecorator.java:321)
at net.bytebuddy.renamed.java.lang.Object$ByteBuddy$ivAm0a3P.findElements(Unknown Source)
at org.openqa.selenium.support.pagefactory.DefaultElementLocator.findElements(DefaultElementLocator.java:83)
at org.openqa.selenium.support.pagefactory.internal.LocatingElementListHandler.invoke(LocatingElementListHandler.java:36)
at jdk.proxy2/jdk.proxy2.$Proxy38.iterator(Unknown Source)
at com.project.bachthree.automation.qa.pages.FormStoneCheckBoxPage.clickAllCheckBoxes(FormStoneCheckBoxPage.java:22)
at com.project.bachthree.automation.qa.tests.FormStoneChechBoxTest.verifyAllClicksOnCheckBoxes(FormStoneChechBoxTest.java:15)
at java.base/jdk.internal.reflect.NativeMethodAccessorImpl.invoke0(Native Method)
at java.base/jdk.internal.reflect.NativeMethodAccessorImpl.invoke(NativeMethodAccessorImpl.java:77)
at java.base/jdk.internal.reflect.DelegatingMethodAccessorImpl.invoke(DelegatingMethodAccessorImpl.java:43)
at java.base/java.lang.reflect.Method.invoke(Method.java:568)
at org.testng.internal.MethodInvocationHelper.invokeMethod(MethodInvocationHelper.java:134)
at org.testng.internal.TestInvoker.invokeMethod(TestInvoker.java:597)
at org.testng.internal.TestInvoker.invokeTestMethod(TestInvoker.java:173)
at org.testng.internal.MethodRunner.runInSequence(MethodRunner.java:46)
at org.testng.internal.TestInvoker$MethodInvocationAgent.invoke(TestInvoker.java:816)
at org.testng.internal.TestInvoker.invokeTestMethods(TestInvoker.java:146)
at org.testng.internal.TestMethodWorker.invokeTestMethods(TestMethodWorker.java:146)
at org.testng.internal.TestMethodWorker.run(TestMethodWorker.java:128)
at java.base/java.util.ArrayList.forEach(ArrayList.java:1511)
at org.testng.TestRunner.privateRun(TestRunner.java:766)
at org.testng.TestRunner.run(TestRunner.java:587)
at org.testng.SuiteRunner.runTest(SuiteRunner.java:384)
at org.testng.SuiteRunner.access$000(SuiteRunner.java:28)
at org.testng.SuiteRunner$SuiteWorker.run(SuiteRunner.java:425)
at org.testng.internal.thread.ThreadUtil.lambda$execute$0(ThreadUtil.java:68)
at java.base/java.util.concurrent.FutureTask.run(FutureTask.java:264)
at java.base/java.util.concurrent.ThreadPoolExecutor.runWorker(ThreadPoolExecutor.java:1136)
at java.base/java.util.concurrent.ThreadPoolExecutor$Worker.run(ThreadPoolExecutor.java:635)
at java.base/java.lang.Thread.run(Thread.java:833)
]]>
    </error>
  </testcase> <!-- verifyAllClicksOnCheckBoxes -->
  <system-out>
Clicking all checkboxes in this page Before Finding List Of ElementsBy.xpath: (//form[@class='form demo_form'])[1]/child::fieldset//div[@class='fs-checkbox-flag'] Exception occured: FirefoxDriver: firefox on windows (209988ff-1d71-4000-97bf-892c64dfcdc7) Exception occured: FirefoxDriver: firefox on windows (209988ff-1d71-4000-97bf-892c64dfcdc7) Exception occured: FirefoxDriver: firefox on windows (209988ff-1d71-4000-97bf-892c64dfcdc7) Exception occured: FirefoxDriver: firefox on windows (209988ff-1d71-4000-97bf-892c64dfcdc7) Exception occured: FirefoxDriver: firefox on windows (209988ff-1d71-4000-97bf-892c64dfcdc7) Exception occured: FirefoxDriver: firefox on windows (209988ff-1d71-4000-97bf-892c64dfcdc7) Exception occured: FirefoxDriver: firefox on windows (209988ff-1d71-4000-97bf-892c64dfcdc7) Exception occured: FirefoxDriver: firefox on windows (209988ff-1d71-4000-97bf-892c64dfcdc7) Exception occured: FirefoxDriver: firefox on windows (209988ff-1d71-4000-97bf-892c64dfcdc7) Exception occured: FirefoxDriver: firefox on windows (209988ff-1d71-4000-97bf-892c64dfcdc7) Exception occured: FirefoxDriver: firefox on windows (209988ff-1d71-4000-97bf-892c64dfcdc7) Exception occured: FirefoxDriver: firefox on windows (209988ff-1d71-4000-97bf-892c64dfcdc7) Exception occured: FirefoxDriver: firefox on windows (209988ff-1d71-4000-97bf-892c64dfcdc7) Exception occured: FirefoxDriver: firefox on windows (209988ff-1d71-4000-97bf-892c64dfcdc7) Exception occured: FirefoxDriver: firefox on windows (209988ff-1d71-4000-97bf-892c64dfcdc7) Exception occured: FirefoxDriver: firefox on windows (209988ff-1d71-4000-97bf-892c64dfcdc7) Exception occured: FirefoxDriver: firefox on windows (209988ff-1d71-4000-97bf-892c64dfcdc7) Exception occured: FirefoxDriver: firefox on windows (209988ff-1d71-4000-97bf-892c64dfcdc7) Exception occured: FirefoxDriver: firefox on windows (209988ff-1d71-4000-97bf-892c64dfcdc7) Exception occured: FirefoxDriver: firefox on windows (209988ff-1d71-4000-97bf-892c64dfcdc7) Exception occured: FirefoxDriver: firefox on windows (209988ff-1d71-4000-97bf-892c64dfcdc7) Exception occured: FirefoxDriver: firefox on windows (209988ff-1d71-4000-97bf-892c64dfcdc7) Exception occured: FirefoxDriver: firefox on windows (209988ff-1d71-4000-97bf-892c64dfcdc7) Exception occured: FirefoxDriver: firefox on windows (209988ff-1d71-4000-97bf-892c64dfcdc7) Exception occured: FirefoxDriver: firefox on windows (209988ff-1d71-4000-97bf-892c64dfcdc7) Exception occured: FirefoxDriver: firefox on windows (209988ff-1d71-4000-97bf-892c64dfcdc7) Exception occured: FirefoxDriver: firefox on windows (209988ff-1d71-4000-97bf-892c64dfcdc7) Exception occured: FirefoxDriver: firefox on windows (209988ff-1d71-4000-97bf-892c64dfcdc7) Exception occured: FirefoxDriver: firefox on windows (209988ff-1d71-4000-97bf-892c64dfcdc7) Exception occured: FirefoxDriver: firefox on windows (209988ff-1d71-4000-97bf-892c64dfcdc7) Exception occured: FirefoxDriver: firefox on windows (209988ff-1d71-4000-97bf-892c64dfcdc7) Exception occured: FirefoxDriver: firefox on windows (209988ff-1d71-4000-97bf-892c64dfcdc7) Exception occured: FirefoxDriver: firefox on windows (209988ff-1d71-4000-97bf-892c64dfcdc7) Exception occured: FirefoxDriver: firefox on windows (209988ff-1d71-4000-97bf-892c64dfcdc7) Exception occured: FirefoxDriver: firefox on windows (209988ff-1d71-4000-97bf-892c64dfcdc7) Exception occured: FirefoxDriver: firefox on windows (209988ff-1d71-4000-97bf-892c64dfcdc7) Exception occured: FirefoxDriver: firefox on windows (209988ff-1d71-4000-97bf-892c64dfcdc7) Exception occured: FirefoxDriver: firefox on windows (209988ff-1d71-4000-97bf-892c64dfcdc7) Exception occured: FirefoxDriver: firefox on windows (209988ff-1d71-4000-97bf-892c64dfcdc7) Exception occured: FirefoxDriver: firefox on windows (209988ff-1d71-4000-97bf-892c64dfcdc7) Exception occured: FirefoxDriver: firefox on windows (209988ff-1d71-4000-97bf-892c64dfcdc7) Exception occured: FirefoxDriver: firefox on windows (209988ff-1d71-4000-97bf-892c64dfcdc7) Exception occured: FirefoxDriver: firefox on windows (209988ff-1d71-4000-97bf-892c64dfcdc7) Exception occured: FirefoxDriver: firefox on windows (209988ff-1d71-4000-97bf-892c64dfcdc7) Exception occured: FirefoxDriver: firefox on windows (209988ff-1d71-4000-97bf-892c64dfcdc7) Exception occured: FirefoxDriver: firefox on windows (209988ff-1d71-4000-97bf-892c64dfcdc7) Exception occured: FirefoxDriver: firefox on windows (209988ff-1d71-4000-97bf-892c64dfcdc7) Exception occured: FirefoxDriver: firefox on windows (209988ff-1d71-4000-97bf-892c64dfcdc7) Exception occured: FirefoxDriver: firefox on windows (209988ff-1d71-4000-97bf-892c64dfcdc7) Exception occured: FirefoxDriver: firefox on windows (209988ff-1d71-4000-97bf-892c64dfcdc7) Exception occured: FirefoxDriver: firefox on windows (209988ff-1d71-4000-97bf-892c64dfcdc7) Exception occured: FirefoxDriver: firefox on windows (209988ff-1d71-4000-97bf-892c64dfcdc7) Exception occured: FirefoxDriver: firefox on windows (209988ff-1d71-4000-97bf-892c64dfcdc7) Exception occured: FirefoxDriver: firefox on windows (209988ff-1d71-4000-97bf-892c64dfcdc7) Exception occured: FirefoxDriver: firefox on windows (209988ff-1d71-4000-97bf-892c64dfcdc7) Exception occured: FirefoxDriver: firefox on windows (209988ff-1d71-4000-97bf-892c64dfcdc7) Exception occured: FirefoxDriver: firefox on windows (209988ff-1d71-4000-97bf-892c64dfcdc7) Exception occured: FirefoxDriver: firefox on windows (209988ff-1d71-4000-97bf-892c64dfcdc7) Exception occured: FirefoxDriver: firefox on windows (209988ff-1d71-4000-97bf-892c64dfcdc7) Exception occured: FirefoxDriver: firefox on windows (209988ff-1d71-4000-97bf-892c64dfcdc7) Exception occured: FirefoxDriver: firefox on windows (209988ff-1d71-4000-97bf-892c64dfcdc7) Exception occured: FirefoxDriver: firefox on windows (209988ff-1d71-4000-97bf-892c64dfcdc7) Exception occured: FirefoxDriver: firefox on windows (209988ff-1d71-4000-97bf-892c64dfcdc7) Exception occured: FirefoxDriver: firefox on windows (209988ff-1d71-4000-97bf-892c64dfcdc7) Exception occured: FirefoxDriver: firefox on windows (209988ff-1d71-4000-97bf-892c64dfcdc7) Exception occured: FirefoxDriver: firefox on windows (209988ff-1d71-4000-97bf-892c64dfcdc7) Exception occured: FirefoxDriver: firefox on windows (209988ff-1d71-4000-97bf-892c64dfcdc7) Exception occured: FirefoxDriver: firefox on windows (209988ff-1d71-4000-97bf-892c64dfcdc7) Exception occured: FirefoxDriver: firefox on windows (209988ff-1d71-4000-97bf-892c64dfcdc7) Exception occured: FirefoxDriver: firefox on windows (209988ff-1d71-4000-97bf-892c64dfcdc7) Exception occured: FirefoxDriver: firefox on windows (209988ff-1d71-4000-97bf-892c64dfcdc7) Exception occured: FirefoxDriver: firefox on windows (209988ff-1d71-4000-97bf-892c64dfcdc7) Exception occured: FirefoxDriver: firefox on windows (209988ff-1d71-4000-97bf-892c64dfcdc7) Exception occured: FirefoxDriver: firefox on windows (209988ff-1d71-4000-97bf-892c64dfcdc7) Exception occured: FirefoxDriver: firefox on windows (209988ff-1d71-4000-97bf-892c64dfcdc7) Exception occured: FirefoxDriver: firefox on windows (209988ff-1d71-4000-97bf-892c64dfcdc7) Exception occured: FirefoxDriver: firefox on windows (209988ff-1d71-4000-97bf-892c64dfcdc7) Exception occured: FirefoxDriver: firefox on windows (209988ff-1d71-4000-97bf-892c64dfcdc7) Exception occured: FirefoxDriver: firefox on windows (209988ff-1d71-4000-97bf-892c64dfcdc7) Exception occured: FirefoxDriver: firefox on windows (209988ff-1d71-4000-97bf-892c64dfcdc7) Exception occured: FirefoxDriver: firefox on windows (209988ff-1d71-4000-97bf-892c64dfcdc7) Exception occured: FirefoxDriver: firefox on windows (209988ff-1d71-4000-97bf-892c64dfcdc7) Exception occured: FirefoxDriver: firefox on windows (209988ff-1d71-4000-97bf-892c64dfcdc7) Exception occured: FirefoxDriver: firefox on windows (209988ff-1d71-4000-97bf-892c64dfcdc7) Exception occured: FirefoxDriver: firefox on windows (209988ff-1d71-4000-97bf-892c64dfcdc7) Exception occured: FirefoxDriver: firefox on windows (209988ff-1d71-4000-97bf-892c64dfcdc7) Exception occured: FirefoxDriver: firefox on windows (209988ff-1d71-4000-97bf-892c64dfcdc7) Exception occured: FirefoxDriver: firefox on windows (209988ff-1d71-4000-97bf-892c64dfcdc7) Exception occured: FirefoxDriver: firefox on windows (209988ff-1d71-4000-97bf-892c64dfcdc7) Exception occured: FirefoxDriver: firefox on windows (209988ff-1d71-4000-97bf-892c64dfcdc7) Exception occured: FirefoxDriver: firefox on windows (209988ff-1d71-4000-97bf-892c64dfcdc7) Exception occured: FirefoxDriver: firefox on windows (209988ff-1d71-4000-97bf-892c64dfcdc7) Exception occured: FirefoxDriver: firefox on windows (209988ff-1d71-4000-97bf-892c64dfcdc7) Exception occured: FirefoxDriver: firefox on windows (209988ff-1d71-4000-97bf-892c64dfcdc7) Exception occured: FirefoxDriver: firefox on windows (209988ff-1d71-4000-97bf-892c64dfcdc7) Exception occured: FirefoxDriver: firefox on windows (209988ff-1d71-4000-97bf-892c64dfcdc7) Exception occured: FirefoxDriver: firefox on windows (209988ff-1d71-4000-97bf-892c64dfcdc7) Exception occured: FirefoxDriver: firefox on windows (209988ff-1d71-4000-97bf-892c64dfcdc7) Exception occured: FirefoxDriver: firefox on windows (209988ff-1d71-4000-97bf-892c64dfcdc7) Exception occured: FirefoxDriver: firefox on windows (209988ff-1d71-4000-97bf-892c64dfcdc7) Exception occured: FirefoxDriver: firefox on windows (209988ff-1d71-4000-97bf-892c64dfcdc7) Exception occured: FirefoxDriver: firefox on windows (209988ff-1d71-4000-97bf-892c64dfcdc7) Exception occured: FirefoxDriver: firefox on windows (209988ff-1d71-4000-97bf-892c64dfcdc7) Exception occured: FirefoxDriver: firefox on windows (209988ff-1d71-4000-97bf-892c64dfcdc7) Exception occured: FirefoxDriver: firefox on windows (209988ff-1d71-4000-97bf-892c64dfcdc7) Exception occured: FirefoxDriver: firefox on windows (209988ff-1d71-4000-97bf-892c64dfcdc7) Exception occured: FirefoxDriver: firefox on windows (209988ff-1d71-4000-97bf-892c64dfcdc7) Exception occured: FirefoxDriver: firefox on windows (209988ff-1d71-4000-97bf-892c64dfcdc7) Exception occured: FirefoxDriver: firefox on windows (209988ff-1d71-4000-97bf-892c64dfcdc7) Exception occured: FirefoxDriver: firefox on windows (209988ff-1d71-4000-97bf-892c64dfcdc7) Exception occured: FirefoxDriver: firefox on windows (209988ff-1d71-4000-97bf-892c64dfcdc7) Exception occured: FirefoxDriver: firefox on windows (209988ff-1d71-4000-97bf-892c64dfcdc7) Exception occured: FirefoxDriver: firefox on windows (209988ff-1d71-4000-97bf-892c64dfcdc7) Exception occured: FirefoxDriver: firefox on windows (209988ff-1d71-4000-97bf-892c64dfcdc7) Exception occured: FirefoxDriver: firefox on windows (209988ff-1d71-4000-97bf-892c64dfcdc7) Exception occured: FirefoxDriver: firefox on windows (209988ff-1d71-4000-97bf-892c64dfcdc7) Exception occured: FirefoxDriver: firefox on windows (209988ff-1d71-4000-97bf-892c64dfcdc7) Exception occured: FirefoxDriver: firefox on windows (209988ff-1d71-4000-97bf-892c64dfcdc7) Exception occured: FirefoxDriver: firefox on windows (209988ff-1d71-4000-97bf-892c64dfcdc7) Exception occured: FirefoxDriver: firefox on windows (209988ff-1d71-4000-97bf-892c64dfcdc7) Exception occured: FirefoxDriver: firefox on windows (209988ff-1d71-4000-97bf-892c64dfcdc7) Exception occured: FirefoxDriver: firefox on windows (209988ff-1d71-4000-97bf-892c64dfcdc7) Exception occured: FirefoxDriver: firefox on windows (209988ff-1d71-4000-97bf-892c64dfcdc7) Exception occured: FirefoxDriver: firefox on windows (209988ff-1d71-4000-97bf-892c64dfcdc7) Exception occured: FirefoxDriver: firefox on windows (209988ff-1d71-4000-97bf-892c64dfcdc7) Exception occured: FirefoxDriver: firefox on windows (209988ff-1d71-4000-97bf-892c64dfcdc7) Exception occured: FirefoxDriver: firefox on windows (209988ff-1d71-4000-97bf-892c64dfcdc7) Exception occured: FirefoxDriver: firefox on windows (209988ff-1d71-4000-97bf-892c64dfcdc7) Exception occured: FirefoxDriver: firefox on windows (209988ff-1d71-4000-97bf-892c64dfcdc7) Exception occured: FirefoxDriver: firefox on windows (209988ff-1d71-4000-97bf-892c64dfcdc7) Exception occured: FirefoxDriver: firefox on windows (209988ff-1d71-4000-97bf-892c64dfcdc7) Exception occured: FirefoxDriver: firefox on windows (209988ff-1d71-4000-97bf-892c64dfcdc7) Exception occured: FirefoxDriver: firefox on windows (209988ff-1d71-4000-97bf-892c64dfcdc7) Exception occured: FirefoxDriver: firefox on windows (209988ff-1d71-4000-97bf-892c64dfcdc7) Exception occured: FirefoxDriver: firefox on windows (209988ff-1d71-4000-97bf-892c64dfcdc7) Exception occured: FirefoxDriver: firefox on windows (209988ff-1d71-4000-97bf-892c64dfcdc7) Exception occured: FirefoxDriver: firefox on windows (209988ff-1d71-4000-97bf-892c64dfcdc7) Exception occured: FirefoxDriver: firefox on windows (209988ff-1d71-4000-97bf-892c64dfcdc7) Exception occured: FirefoxDriver: firefox on windows (209988ff-1d71-4000-97bf-892c64dfcdc7) Exception occured: FirefoxDriver: firefox on windows (209988ff-1d71-4000-97bf-892c64dfcdc7) Exception occured: FirefoxDriver: firefox on windows (209988ff-1d71-4000-97bf-892c64dfcdc7) Exception occured: FirefoxDriver: firefox on windows (209988ff-1d71-4000-97bf-892c64dfcdc7) Exception occured: FirefoxDriver: firefox on windows (209988ff-1d71-4000-97bf-892c64dfcdc7) Exception occured: FirefoxDriver: firefox on windows (209988ff-1d71-4000-97bf-892c64dfcdc7) Exception occured: FirefoxDriver: firefox on windows (209988ff-1d71-4000-97bf-892c64dfcdc7) Exception occured: FirefoxDriver: firefox on windows (209988ff-1d71-4000-97bf-892c64dfcdc7) Exception occured: FirefoxDriver: firefox on windows (209988ff-1d71-4000-97bf-892c64dfcdc7) Exception occured: FirefoxDriver: firefox on windows (209988ff-1d71-4000-97bf-892c64dfcdc7) Exception occured: FirefoxDriver: firefox on windows (209988ff-1d71-4000-97bf-892c64dfcdc7) Exception occured: FirefoxDriver: firefox on windows (209988ff-1d71-4000-97bf-892c64dfcdc7) Exception occured: FirefoxDriver: firefox on windows (209988ff-1d71-4000-97bf-892c64dfcdc7) Exception occured: FirefoxDriver: firefox on windows (209988ff-1d71-4000-97bf-892c64dfcdc7) Exception occured: FirefoxDriver: firefox on windows (209988ff-1d71-4000-97bf-892c64dfcdc7) Exception occured: FirefoxDriver: firefox on windows (209988ff-1d71-4000-97bf-892c64dfcdc7) Exception occured: FirefoxDriver: firefox on windows (209988ff-1d71-4000-97bf-892c64dfcdc7) Exception occured: FirefoxDriver: firefox on windows (209988ff-1d71-4000-97bf-892c64dfcdc7) Exception occured: FirefoxDriver: firefox on windows (209988ff-1d71-4000-97bf-892c64dfcdc7) Exception occured: FirefoxDriver: firefox on windows (209988ff-1d71-4000-97bf-892c64dfcdc7) Exception occured: FirefoxDriver: firefox on windows (209988ff-1d71-4000-97bf-892c64dfcdc7) Exception occured: FirefoxDriver: firefox on windows (209988ff-1d71-4000-97bf-892c64dfcdc7) Exception occured: FirefoxDriver: firefox on windows (209988ff-1d71-4000-97bf-892c64dfcdc7) Exception occured: FirefoxDriver: firefox on windows (209988ff-1d71-4000-97bf-892c64dfcdc7) Exception occured: FirefoxDriver: firefox on windows (209988ff-1d71-4000-97bf-892c64dfcdc7) Exception occured: FirefoxDriver: firefox on windows (209988ff-1d71-4000-97bf-892c64dfcdc7) Exception occured: FirefoxDriver: firefox on windows (209988ff-1d71-4000-97bf-892c64dfcdc7) Exception occured: FirefoxDriver: firefox on windows (209988ff-1d71-4000-97bf-892c64dfcdc7) Exception occured: FirefoxDriver: firefox on windows (209988ff-1d71-4000-97bf-892c64dfcdc7) Exception occured: FirefoxDriver: firefox on windows (209988ff-1d71-4000-97bf-892c64dfcdc7) Exception occured: FirefoxDriver: firefox on windows (209988ff-1d71-4000-97bf-892c64dfcdc7) Exception occured: FirefoxDriver: firefox on windows (209988ff-1d71-4000-97bf-892c64dfcdc7) Exception occured: FirefoxDriver: firefox on windows (209988ff-1d71-4000-97bf-892c64dfcdc7) Exception occured: FirefoxDriver: firefox on windows (209988ff-1d71-4000-97bf-892c64dfcdc7) Exception occured: FirefoxDriver: firefox on windows (209988ff-1d71-4000-97bf-892c64dfcdc7) Exception occured: FirefoxDriver: firefox on windows (209988ff-1d71-4000-97bf-892c64dfcdc7) Exception occured: FirefoxDriver: firefox on windows (209988ff-1d71-4000-97bf-892c64dfcdc7) Exception occured: FirefoxDriver: firefox on windows (209988ff-1d71-4000-97bf-892c64dfcdc7) Exception occured: FirefoxDriver: firefox on windows (209988ff-1d71-4000-97bf-892c64dfcdc7) Exception occured: FirefoxDriver: firefox on windows (209988ff-1d71-4000-97bf-892c64dfcdc7) Exception occured: FirefoxDriver: firefox on windows (209988ff-1d71-4000-97bf-892c64dfcdc7) Exception occured: FirefoxDriver: firefox on windows (209988ff-1d71-4000-97bf-892c64dfcdc7) Exception occured: FirefoxDriver: firefox on windows (209988ff-1d71-4000-97bf-892c64dfcdc7) Exception occured: FirefoxDriver: firefox on windows (209988ff-1d71-4000-97bf-892c64dfcdc7) Exception occured: FirefoxDriver: firefox on windows (209988ff-1d71-4000-97bf-892c64dfcdc7) Exception occured: FirefoxDriver: firefox on windows (209988ff-1d71-4000-97bf-892c64dfcdc7) Exception occured: FirefoxDriver: firefox on windows (209988ff-1d71-4000-97bf-892c64dfcdc7) Exception occured: FirefoxDriver: firefox on windows (209988ff-1d71-4000-97bf-892c64dfcdc7) Exception occured: FirefoxDriver: firefox on windows (209988ff-1d71-4000-97bf-892c64dfcdc7) Exception occured: FirefoxDriver: firefox on windows (209988ff-1d71-4000-97bf-892c64dfcdc7) Exception occured: FirefoxDriver: firefox on windows (209988ff-1d71-4000-97bf-892c64dfcdc7) Exception occured: FirefoxDriver: firefox on windows (209988ff-1d71-4000-97bf-892c64dfcdc7) Exception occured: FirefoxDriver: firefox on windows (209988ff-1d71-4000-97bf-892c64dfcdc7) Exception occured: FirefoxDriver: firefox on windows (209988ff-1d71-4000-97bf-892c64dfcdc7) Exception occured: FirefoxDriver: firefox on windows (209988ff-1d71-4000-97bf-892c64dfcdc7) Exception occured: FirefoxDriver: firefox on windows (209988ff-1d71-4000-97bf-892c64dfcdc7) Exception occured: FirefoxDriver: firefox on windows (209988ff-1d71-4000-97bf-892c64dfcdc7) Exception occured: FirefoxDriver: firefox on windows (209988ff-1d71-4000-97bf-892c64dfcdc7) Exception occured: FirefoxDriver: firefox on windows (209988ff-1d71-4000-97bf-892c64dfcdc7) Exception occured: FirefoxDriver: firefox on windows (209988ff-1d71-4000-97bf-892c64dfcdc7) Exception occured: FirefoxDriver: firefox on windows (209988ff-1d71-4000-97bf-892c64dfcdc7) Exception occured: FirefoxDriver: firefox on windows (209988ff-1d71-4000-97bf-892c64dfcdc7) Exception occured: FirefoxDriver: firefox on windows (209988ff-1d71-4000-97bf-892c64dfcdc7) Exception occured: FirefoxDriver: firefox on windows (209988ff-1d71-4000-97bf-892c64dfcdc7) Exception occured: FirefoxDriver: firefox on windows (209988ff-1d71-4000-97bf-892c64dfcdc7) Exception occured: FirefoxDriver: firefox on windows (209988ff-1d71-4000-97bf-892c64dfcdc7) Exception occured: FirefoxDriver: firefox on windows (209988ff-1d71-4000-97bf-892c64dfcdc7) Exception occured: FirefoxDriver: firefox on windows (209988ff-1d71-4000-97bf-892c64dfcdc7) Exception occured: FirefoxDriver: firefox on windows (209988ff-1d71-4000-97bf-892c64dfcdc7) Exception occured: FirefoxDriver: firefox on windows (209988ff-1d71-4000-97bf-892c64dfcdc7) Exception occured: FirefoxDriver: firefox on windows (209988ff-1d71-4000-97bf-892c64dfcdc7) Exception occured: FirefoxDriver: firefox on windows (209988ff-1d71-4000-97bf-892c64dfcdc7) Exception occured: FirefoxDriver: firefox on windows (209988ff-1d71-4000-97bf-892c64dfcdc7) Exception occured: FirefoxDriver: firefox on windows (209988ff-1d71-4000-97bf-892c64dfcdc7) Exception occured: FirefoxDriver: firefox on windows (209988ff-1d71-4000-97bf-892c64dfcdc7) Exception occured: FirefoxDriver: firefox on windows (209988ff-1d71-4000-97bf-892c64dfcdc7) Exception occured: FirefoxDriver: firefox on windows (209988ff-1d71-4000-97bf-892c64dfcdc7) Exception occured: FirefoxDriver: firefox on windows (209988ff-1d71-4000-97bf-892c64dfcdc7) Exception occured: FirefoxDriver: firefox on windows (209988ff-1d71-4000-97bf-892c64dfcdc7) Exception occured: FirefoxDriver: firefox on windows (209988ff-1d71-4000-97bf-892c64dfcdc7) Exception occured: FirefoxDriver: firefox on windows (209988ff-1d71-4000-97bf-892c64dfcdc7) Exception occured: FirefoxDriver: firefox on windows (209988ff-1d71-4000-97bf-892c64dfcdc7) Exception occured: FirefoxDriver: firefox on windows (209988ff-1d71-4000-97bf-892c64dfcdc7) Exception occured: FirefoxDriver: firefox on windows (209988ff-1d71-4000-97bf-892c64dfcdc7) Exception occured: FirefoxDriver: firefox on windows (209988ff-1d71-4000-97bf-892c64dfcdc7) Exception occured: FirefoxDriver: firefox on windows (209988ff-1d71-4000-97bf-892c64dfcdc7) Exception occured: FirefoxDriver: firefox on windows (209988ff-1d71-4000-97bf-892c64dfcdc7) Exception occured: FirefoxDriver: firefox on windows (209988ff-1d71-4000-97bf-892c64dfcdc7) Exception occured: FirefoxDriver: firefox on windows (209988ff-1d71-4000-97bf-892c64dfcdc7) Exception occured: FirefoxDriver: firefox on windows (209988ff-1d71-4000-97bf-892c64dfcdc7) Exception occured: FirefoxDriver: firefox on windows (209988ff-1d71-4000-97bf-892c64dfcdc7) Exception occured: FirefoxDriver: firefox on windows (209988ff-1d71-4000-97bf-892c64dfcdc7) Exception occured: FirefoxDriver: firefox on windows (209988ff-1d71-4000-97bf-892c64dfcdc7) Exception occured: FirefoxDriver: firefox on windows (209988ff-1d71-4000-97bf-892c64dfcdc7) Exception occured: FirefoxDriver: firefox on windows (209988ff-1d71-4000-97bf-892c64dfcdc7) Exception occured: FirefoxDriver: firefox on windows (209988ff-1d71-4000-97bf-892c64dfcdc7) Exception occured: FirefoxDriver: firefox on windows (209988ff-1d71-4000-97bf-892c64dfcdc7) Exception occured: FirefoxDriver: firefox on windows (209988ff-1d71-4000-97bf-892c64dfcdc7) Exception occured: FirefoxDriver: firefox on windows (209988ff-1d71-4000-97bf-892c64dfcdc7) Exception occured: FirefoxDriver: firefox on windows (209988ff-1d71-4000-97bf-892c64dfcdc7) Exception occured: FirefoxDriver: firefox on windows (209988ff-1d71-4000-97bf-892c64dfcdc7) Exception occured: FirefoxDriver: firefox on windows (209988ff-1d71-4000-97bf-892c64dfcdc7) Exception occured: FirefoxDriver: firefox on windows (209988ff-1d71-4000-97bf-892c64dfcdc7) Exception occured: FirefoxDriver: firefox on windows (209988ff-1d71-4000-97bf-892c64dfcdc7) Exception occured: FirefoxDriver: firefox on windows (209988ff-1d71-4000-97bf-892c64dfcdc7) Exception occured: FirefoxDriver: firefox on windows (209988ff-1d71-4000-97bf-892c64dfcdc7) Exception occured: FirefoxDriver: firefox on windows (209988ff-1d71-4000-97bf-892c64dfcdc7) Exception occured: FirefoxDriver: firefox on windows (209988ff-1d71-4000-97bf-892c64dfcdc7) Exception occured: FirefoxDriver: firefox on windows (209988ff-1d71-4000-97bf-892c64dfcdc7) Exception occured: FirefoxDriver: firefox on windows (209988ff-1d71-4000-97bf-892c64dfcdc7) Exception occured: FirefoxDriver: firefox on windows (209988ff-1d71-4000-97bf-892c64dfcdc7) Exception occured: FirefoxDriver: firefox on windows (209988ff-1d71-4000-97bf-892c64dfcdc7) Exception occured: FirefoxDriver: firefox on windows (209988ff-1d71-4000-97bf-892c64dfcdc7) Exception occured: FirefoxDriver: firefox on windows (209988ff-1d71-4000-97bf-892c64dfcdc7) Exception occured: FirefoxDriver: firefox on windows (209988ff-1d71-4000-97bf-892c64dfcdc7) Exception occured: FirefoxDriver: firefox on windows (209988ff-1d71-4000-97bf-892c64dfcdc7) Exception occured: FirefoxDriver: firefox on windows (209988ff-1d71-4000-97bf-892c64dfcdc7) Exception occured: FirefoxDriver: firefox on windows (209988ff-1d71-4000-97bf-892c64dfcdc7) Exception occured: FirefoxDriver: firefox on windows (209988ff-1d71-4000-97bf-892c64dfcdc7) Exception occured: FirefoxDriver: firefox on windows (209988ff-1d71-4000-97bf-892c64dfcdc7) Exception occured: FirefoxDriver: firefox on windows (209988ff-1d71-4000-97bf-892c64dfcdc7) Exception occured: FirefoxDriver: firefox on windows (209988ff-1d71-4000-97bf-892c64dfcdc7) Exception occured: FirefoxDriver: firefox on windows (209988ff-1d71-4000-97bf-892c64dfcdc7) Exception occured: FirefoxDriver: firefox on windows (209988ff-1d71-4000-97bf-892c64dfcdc7) Exception occured: FirefoxDriver: firefox on windows (209988ff-1d71-4000-97bf-892c64dfcdc7) Exception occured: FirefoxDriver: firefox on windows (209988ff-1d71-4000-97bf-892c64dfcdc7) Exception occured: FirefoxDriver: firefox on windows (209988ff-1d71-4000-97bf-892c64dfcdc7) Exception occured: FirefoxDriver: firefox on windows (209988ff-1d71-4000-97bf-892c64dfcdc7) Exception occured: FirefoxDriver: firefox on windows (209988ff-1d71-4000-97bf-892c64dfcdc7) Exception occured: FirefoxDriver: firefox on windows (209988ff-1d71-4000-97bf-892c64dfcdc7) Exception occured: FirefoxDriver: firefox on windows (209988ff-1d71-4000-97bf-892c64dfcdc7) Exception occured: FirefoxDriver: firefox on windows (209988ff-1d71-4000-97bf-892c64dfcdc7) Exception occured: FirefoxDriver: firefox on windows (209988ff-1d71-4000-97bf-892c64dfcdc7) Exception occured: FirefoxDriver: firefox on windows (209988ff-1d71-4000-97bf-892c64dfcdc7) Exception occured: FirefoxDriver: firefox on windows (209988ff-1d71-4000-97bf-892c64dfcdc7) Exception occured: FirefoxDriver: firefox on windows (209988ff-1d71-4000-97bf-892c64dfcdc7) Exception occured: FirefoxDriver: firefox on windows (209988ff-1d71-4000-97bf-892c64dfcdc7) Exception occured: FirefoxDriver: firefox on windows (209988ff-1d71-4000-97bf-892c64dfcdc7) Exception occured: FirefoxDriver: firefox on windows (209988ff-1d71-4000-97bf-892c64dfcdc7) Exception occured: FirefoxDriver: firefox on windows (209988ff-1d71-4000-97bf-892c64dfcdc7) Exception occured: FirefoxDriver: firefox on windows (209988ff-1d71-4000-97bf-892c64dfcdc7) Exception occured: FirefoxDriver: firefox on windows (209988ff-1d71-4000-97bf-892c64dfcdc7) Exception occured: FirefoxDriver: firefox on windows (209988ff-1d71-4000-97bf-892c64dfcdc7) Exception occured: FirefoxDriver: firefox on windows (209988ff-1d71-4000-97bf-892c64dfcdc7) Exception occured: FirefoxDriver: firefox on windows (209988ff-1d71-4000-97bf-892c64dfcdc7) Exception occured: FirefoxDriver: firefox on windows (209988ff-1d71-4000-97bf-892c64dfcdc7) Exception occured: FirefoxDriver: firefox on windows (209988ff-1d71-4000-97bf-892c64dfcdc7) Exception occured: FirefoxDriver: firefox on windows (209988ff-1d71-4000-97bf-892c64dfcdc7) Exception occured: FirefoxDriver: firefox on windows (209988ff-1d71-4000-97bf-892c64dfcdc7) Exception occured: FirefoxDriver: firefox on windows (209988ff-1d71-4000-97bf-892c64dfcdc7) Exception occured: FirefoxDriver: firefox on windows (209988ff-1d71-4000-97bf-892c64dfcdc7) Exception occured: FirefoxDriver: firefox on windows (209988ff-1d71-4000-97bf-892c64dfcdc7) Exception occured: FirefoxDriver: firefox on windows (209988ff-1d71-4000-97bf-892c64dfcdc7) Exception occured: FirefoxDriver: firefox on windows (209988ff-1d71-4000-97bf-892c64dfcdc7) Exception occured: FirefoxDriver: firefox on windows (209988ff-1d71-4000-97bf-892c64dfcdc7) Exception occured: FirefoxDriver: firefox on windows (209988ff-1d71-4000-97bf-892c64dfcdc7) Exception occured: FirefoxDriver: firefox on windows (209988ff-1d71-4000-97bf-892c64dfcdc7) Exception occured: FirefoxDriver: firefox on windows (209988ff-1d71-4000-97bf-892c64dfcdc7) Exception occured: FirefoxDriver: firefox on windows (209988ff-1d71-4000-97bf-892c64dfcdc7) Exception occured: FirefoxDriver: firefox on windows (209988ff-1d71-4000-97bf-892c64dfcdc7) Exception occured: FirefoxDriver: firefox on windows (209988ff-1d71-4000-97bf-892c64dfcdc7) Exception occured: FirefoxDriver: firefox on windows (209988ff-1d71-4000-97bf-892c64dfcdc7) Exception occured: FirefoxDriver: firefox on windows (209988ff-1d71-4000-97bf-892c64dfcdc7) Exception occured: FirefoxDriver: firefox on windows (209988ff-1d71-4000-97bf-892c64dfcdc7) Exception occured: FirefoxDriver: firefox on windows (209988ff-1d71-4000-97bf-892c64dfcdc7) Exception occured: FirefoxDriver: firefox on windows (209988ff-1d71-4000-97bf-892c64dfcdc7) Exception occured: FirefoxDriver: firefox on windows (209988ff-1d71-4000-97bf-892c64dfcdc7) Exception occured: FirefoxDriver: firefox on windows (209988ff-1d71-4000-97bf-892c64dfcdc7) Exception occured: FirefoxDriver: firefox on windows (209988ff-1d71-4000-97bf-892c64dfcdc7) Exception occured: FirefoxDriver: firefox on windows (209988ff-1d71-4000-97bf-892c64dfcdc7) Exception occured: FirefoxDriver: firefox on windows (209988ff-1d71-4000-97bf-892c64dfcdc7) Exception occured: FirefoxDriver: firefox on windows (209988ff-1d71-4000-97bf-892c64dfcdc7) Exception occured: FirefoxDriver: firefox on windows (209988ff-1d71-4000-97bf-892c64dfcdc7) Exception occured: FirefoxDriver: firefox on windows (209988ff-1d71-4000-97bf-892c64dfcdc7) Exception occured: FirefoxDriver: firefox on windows (209988ff-1d71-4000-97bf-892c64dfcdc7) Exception occured: FirefoxDriver: firefox on windows (209988ff-1d71-4000-97bf-892c64dfcdc7) Exception occured: FirefoxDriver: firefox on windows (209988ff-1d71-4000-97bf-892c64dfcdc7) Exception occured: FirefoxDriver: firefox on windows (209988ff-1d71-4000-97bf-892c64dfcdc7) Exception occured: FirefoxDriver: firefox on windows (209988ff-1d71-4000-97bf-892c64dfcdc7) Exception occured: FirefoxDriver: firefox on windows (209988ff-1d71-4000-97bf-892c64dfcdc7) Exception occured: FirefoxDriver: firefox on windows (209988ff-1d71-4000-97bf-892c64dfcdc7) Exception occured: FirefoxDriver: firefox on windows (209988ff-1d71-4000-97bf-892c64dfcdc7) Exception occured: FirefoxDriver: firefox on windows (209988ff-1d71-4000-97bf-892c64dfcdc7) Exception occured: FirefoxDriver: firefox on windows (209988ff-1d71-4000-97bf-892c64dfcdc7) Exception occured: FirefoxDriver: firefox on windows (209988ff-1d71-4000-97bf-892c64dfcdc7) Exception occured: FirefoxDriver: firefox on windows (209988ff-1d71-4000-97bf-892c64dfcdc7) Exception occured: FirefoxDriver: firefox on windows (209988ff-1d71-4000-97bf-892c64dfcdc7) Exception occured: FirefoxDriver: firefox on windows (209988ff-1d71-4000-97bf-892c64dfcdc7) Exception occured: FirefoxDriver: firefox on windows (209988ff-1d71-4000-97bf-892c64dfcdc7) Exception occured: FirefoxDriver: firefox on windows (209988ff-1d71-4000-97bf-892c64dfcdc7) Exception occured: FirefoxDriver: firefox on windows (209988ff-1d71-4000-97bf-892c64dfcdc7) Exception occured: FirefoxDriver: firefox on windows (209988ff-1d71-4000-97bf-892c64dfcdc7) Exception occured: FirefoxDriver: firefox on windows (209988ff-1d71-4000-97bf-892c64dfcdc7) Exception occured: FirefoxDriver: firefox on windows (209988ff-1d71-4000-97bf-892c64dfcdc7) Exception occured: FirefoxDriver: firefox on windows (209988ff-1d71-4000-97bf-892c64dfcdc7) Exception occured: FirefoxDriver: firefox on windows (209988ff-1d71-4000-97bf-892c64dfcdc7) Exception occured: FirefoxDriver: firefox on windows (209988ff-1d71-4000-97bf-892c64dfcdc7) Exception occured: FirefoxDriver: firefox on windows (209988ff-1d71-4000-97bf-892c64dfcdc7) Exception occured: FirefoxDriver: firefox on windows (209988ff-1d71-4000-97bf-892c64dfcdc7) Exception occured: FirefoxDriver: firefox on windows (209988ff-1d71-4000-97bf-892c64dfcdc7) Exception occured: FirefoxDriver: firefox on windows (209988ff-1d71-4000-97bf-892c64dfcdc7) Exception occured: FirefoxDriver: firefox on windows (209988ff-1d71-4000-97bf-892c64dfcdc7) Exception occured: FirefoxDriver: firefox on windows (209988ff-1d71-4000-97bf-892c64dfcdc7) Exception occured: FirefoxDriver: firefox on windows (209988ff-1d71-4000-97bf-892c64dfcdc7) Exception occured: FirefoxDriver: firefox on windows (209988ff-1d71-4000-97bf-892c64dfcdc7) Exception occured: FirefoxDriver: firefox on windows (209988ff-1d71-4000-97bf-892c64dfcdc7) Exception occured: FirefoxDriver: firefox on windows (209988ff-1d71-4000-97bf-892c64dfcdc7) Exception occured: FirefoxDriver: firefox on windows (209988ff-1d71-4000-97bf-892c64dfcdc7) Exception occured: FirefoxDriver: firefox on windows (209988ff-1d71-4000-97bf-892c64dfcdc7) Exception occured: FirefoxDriver: firefox on windows (209988ff-1d71-4000-97bf-892c64dfcdc7) Exception occured: FirefoxDriver: firefox on windows (209988ff-1d71-4000-97bf-892c64dfcdc7) Exception occured: FirefoxDriver: firefox on windows (209988ff-1d71-4000-97bf-892c64dfcdc7) Exception occured: FirefoxDriver: firefox on windows (209988ff-1d71-4000-97bf-892c64dfcdc7) Exception occured: FirefoxDriver: firefox on windows (209988ff-1d71-4000-97bf-892c64dfcdc7) Exception occured: FirefoxDriver: firefox on windows (209988ff-1d71-4000-97bf-892c64dfcdc7) Exception occured: FirefoxDriver: firefox on windows (209988ff-1d71-4000-97bf-892c64dfcdc7) Exception occured: FirefoxDriver: firefox on windows (209988ff-1d71-4000-97bf-892c64dfcdc7) Exception occured: FirefoxDriver: firefox on windows (209988ff-1d71-4000-97bf-892c64dfcdc7) Exception occured: FirefoxDriver: firefox on windows (209988ff-1d71-4000-97bf-892c64dfcdc7) Exception occured: FirefoxDriver: firefox on windows (209988ff-1d71-4000-97bf-892c64dfcdc7) Exception occured: FirefoxDriver: firefox on windows (209988ff-1d71-4000-97bf-892c64dfcdc7) Exception occured: FirefoxDriver: firefox on windows (209988ff-1d71-4000-97bf-892c64dfcdc7) Exception occured: FirefoxDriver: firefox on windows (209988ff-1d71-4000-97bf-892c64dfcdc7) Exception occured: FirefoxDriver: firefox on windows (209988ff-1d71-4000-97bf-892c64dfcdc7) Exception occured: FirefoxDriver: firefox on windows (209988ff-1d71-4000-97bf-892c64dfcdc7) Exception occured: FirefoxDriver: firefox on windows (209988ff-1d71-4000-97bf-892c64dfcdc7) Exception occured: FirefoxDriver: firefox on windows (209988ff-1d71-4000-97bf-892c64dfcdc7) Exception occured: FirefoxDriver: firefox on windows (209988ff-1d71-4000-97bf-892c64dfcdc7) Exception occured: FirefoxDriver: firefox on windows (209988ff-1d71-4000-97bf-892c64dfcdc7) Exception occured: FirefoxDriver: firefox on windows (209988ff-1d71-4000-97bf-892c64dfcdc7) Exception occured: FirefoxDriver: firefox on windows (209988ff-1d71-4000-97bf-892c64dfcdc7) Exception occured: FirefoxDriver: firefox on windows (209988ff-1d71-4000-97bf-892c64dfcdc7) Exception occured: FirefoxDriver: firefox on windows (209988ff-1d71-4000-97bf-892c64dfcdc7) Exception occured: FirefoxDriver: firefox on windows (209988ff-1d71-4000-97bf-892c64dfcdc7) Exception occured: FirefoxDriver: firefox on windows (209988ff-1d71-4000-97bf-892c64dfcdc7) Exception occured: FirefoxDriver: firefox on windows (209988ff-1d71-4000-97bf-892c64dfcdc7) Exception occured: FirefoxDriver: firefox on windows (209988ff-1d71-4000-97bf-892c64dfcdc7) Exception occured: FirefoxDriver: firefox on windows (209988ff-1d71-4000-97bf-892c64dfcdc7) Exception occured: FirefoxDriver: firefox on windows (209988ff-1d71-4000-97bf-892c64dfcdc7) Exception occured: FirefoxDriver: firefox on windows (209988ff-1d71-4000-97bf-892c64dfcdc7) Exception occured: FirefoxDriver: firefox on windows (209988ff-1d71-4000-97bf-892c64dfcdc7) Exception occured: FirefoxDriver: firefox on windows (209988ff-1d71-4000-97bf-892c64dfcdc7) Exception occured: FirefoxDriver: firefox on windows (209988ff-1d71-4000-97bf-892c64dfcdc7) Exception occured: FirefoxDriver: firefox on windows (209988ff-1d71-4000-97bf-892c64dfcdc7) Exception occured: FirefoxDriver: firefox on windows (209988ff-1d71-4000-97bf-892c64dfcdc7) Exception occured: FirefoxDriver: firefox on windows (209988ff-1d71-4000-97bf-892c64dfcdc7) Exception occured: FirefoxDriver: firefox on windows (209988ff-1d71-4000-97bf-892c64dfcdc7) Exception occured: FirefoxDriver: firefox on windows (209988ff-1d71-4000-97bf-892c64dfcdc7) Exception occured: FirefoxDriver: firefox on windows (209988ff-1d71-4000-97bf-892c64dfcdc7) Exception occured: FirefoxDriver: firefox on windows (209988ff-1d71-4000-97bf-892c64dfcdc7) Exception occured: FirefoxDriver: firefox on windows (209988ff-1d71-4000-97bf-892c64dfcdc7) Exception occured: FirefoxDriver: firefox on windows (209988ff-1d71-4000-97bf-892c64dfcdc7) Exception occured: FirefoxDriver: firefox on windows (209988ff-1d71-4000-97bf-892c64dfcdc7) Exception occured: FirefoxDriver: firefox on windows (209988ff-1d71-4000-97bf-892c64dfcdc7) Exception occured: FirefoxDriver: firefox on windows (209988ff-1d71-4000-97bf-892c64dfcdc7) Exception occured: FirefoxDriver: firefox on windows (209988ff-1d71-4000-97bf-892c64dfcdc7) Exception occured: FirefoxDriver: firefox on windows (209988ff-1d71-4000-97bf-892c64dfcdc7) Exception occured: FirefoxDriver: firefox on windows (209988ff-1d71-4000-97bf-892c64dfcdc7) Exception occured: FirefoxDriver: firefox on windows (209988ff-1d71-4000-97bf-892c64dfcdc7) Exception occured: FirefoxDriver: firefox on windows (209988ff-1d71-4000-97bf-892c64dfcdc7) Exception occured: FirefoxDriver: firefox on windows (209988ff-1d71-4000-97bf-892c64dfcdc7) Exception occured: FirefoxDriver: firefox on windows (209988ff-1d71-4000-97bf-892c64dfcdc7) Exception occured: FirefoxDriver: firefox on windows (209988ff-1d71-4000-97bf-892c64dfcdc7) Exception occured: FirefoxDriver: firefox on windows (209988ff-1d71-4000-97bf-892c64dfcdc7) Exception occured: FirefoxDriver: firefox on windows (209988ff-1d71-4000-97bf-892c64dfcdc7) Exception occured: FirefoxDriver: firefox on windows (209988ff-1d71-4000-97bf-892c64dfcdc7) Exception occured: FirefoxDriver: firefox on windows (209988ff-1d71-4000-97bf-892c64dfcdc7) Exception occured: FirefoxDriver: firefox on windows (209988ff-1d71-4000-97bf-892c64dfcdc7) Exception occured: FirefoxDriver: firefox on windows (209988ff-1d71-4000-97bf-892c64dfcdc7) Exception occured: FirefoxDriver: firefox on windows (209988ff-1d71-4000-97bf-892c64dfcdc7) Exception occured: FirefoxDriver: firefox on windows (209988ff-1d71-4000-97bf-892c64dfcdc7) Exception occured: FirefoxDriver: firefox on windows (209988ff-1d71-4000-97bf-892c64dfcdc7) Exception occured: FirefoxDriver: firefox on windows (209988ff-1d71-4000-97bf-892c64dfcdc7) Exception occured: FirefoxDriver: firefox on windows (209988ff-1d71-4000-97bf-892c64dfcdc7) Exception occured: FirefoxDriver: firefox on windows (209988ff-1d71-4000-97bf-892c64dfcdc7) Exception occured: FirefoxDriver: firefox on windows (209988ff-1d71-4000-97bf-892c64dfcdc7) Exception occured: FirefoxDriver: firefox on windows (209988ff-1d71-4000-97bf-892c64dfcdc7) Exception occured: FirefoxDriver: firefox on windows (209988ff-1d71-4000-97bf-892c64dfcdc7) Exception occured: FirefoxDriver: firefox on windows (209988ff-1d71-4000-97bf-892c64dfcdc7) Exception occured: FirefoxDriver: firefox on windows (209988ff-1d71-4000-97bf-892c64dfcdc7) Exception occured: FirefoxDriver: firefox on windows (209988ff-1d71-4000-97bf-892c64dfcdc7) Exception occured: FirefoxDriver: firefox on windows (209988ff-1d71-4000-97bf-892c64dfcdc7) Exception occured: FirefoxDriver: firefox on windows (209988ff-1d71-4000-97bf-892c64dfcdc7) Exception occured: FirefoxDriver: firefox on windows (209988ff-1d71-4000-97bf-892c64dfcdc7) Exception occured: FirefoxDriver: firefox on windows (209988ff-1d71-4000-97bf-892c64dfcdc7) Exception occured: FirefoxDriver: firefox on windows (209988ff-1d71-4000-97bf-892c64dfcdc7) Exception occured: FirefoxDriver: firefox on windows (209988ff-1d71-4000-97bf-892c64dfcdc7) Exception occured: FirefoxDriver: firefox on windows (209988ff-1d71-4000-97bf-892c64dfcdc7) Exception occured: FirefoxDriver: firefox on windows (209988ff-1d71-4000-97bf-892c64dfcdc7) Exception occured: FirefoxDriver: firefox on windows (209988ff-1d71-4000-97bf-892c64dfcdc7) Exception occured: FirefoxDriver: firefox on windows (209988ff-1d71-4000-97bf-892c64dfcdc7) Exception occured: FirefoxDriver: firefox on windows (209988ff-1d71-4000-97bf-892c64dfcdc7) Exception occured: FirefoxDriver: firefox on windows (209988ff-1d71-4000-97bf-892c64dfcdc7) Exception occured: FirefoxDriver: firefox on windows (209988ff-1d71-4000-97bf-892c64dfcdc7) Exception occured: FirefoxDriver: firefox on windows (209988ff-1d71-4000-97bf-892c64dfcdc7) Exception occured: FirefoxDriver: firefox on windows (209988ff-1d71-4000-97bf-892c64dfcdc7) Exception occured: FirefoxDriver: firefox on windows (209988ff-1d71-4000-97bf-892c64dfcdc7) Exception occured: FirefoxDriver: firefox on windows (209988ff-1d71-4000-97bf-892c64dfcdc7) Exception occured: FirefoxDriver: firefox on windows (209988ff-1d71-4000-97bf-892c64dfcdc7) Exception occured: FirefoxDriver: firefox on windows (209988ff-1d71-4000-97bf-892c64dfcdc7) Exception occured: FirefoxDriver: firefox on windows (209988ff-1d71-4000-97bf-892c64dfcdc7) Exception occured: FirefoxDriver: firefox on windows (209988ff-1d71-4000-97bf-892c64dfcdc7) Exception occured: FirefoxDriver: firefox on windows (209988ff-1d71-4000-97bf-892c64dfcdc7) Exception occured: FirefoxDriver: firefox on windows (209988ff-1d71-4000-97bf-892c64dfcdc7) Exception occured: FirefoxDriver: firefox on windows (209988ff-1d71-4000-97bf-892c64dfcdc7) Exception occured: FirefoxDriver: firefox on windows (209988ff-1d71-4000-97bf-892c64dfcdc7) Exception occured: FirefoxDriver: firefox on windows (209988ff-1d71-4000-97bf-892c64dfcdc7) Exception occured: FirefoxDriver: firefox on windows (209988ff-1d71-4000-97bf-892c64dfcdc7) Exception occured: FirefoxDriver: firefox on windows (209988ff-1d71-4000-97bf-892c64dfcdc7) Exception occured: FirefoxDriver: firefox on windows (209988ff-1d71-4000-97bf-892c64dfcdc7) Exception occured: FirefoxDriver: firefox on windows (209988ff-1d71-4000-97bf-892c64dfcdc7) Exception occured: FirefoxDriver: firefox on windows (209988ff-1d71-4000-97bf-892c64dfcdc7) Exception occured: FirefoxDriver: firefox on windows (209988ff-1d71-4000-97bf-892c64dfcdc7) Exception occured: FirefoxDriver: firefox on windows (209988ff-1d71-4000-97bf-892c64dfcdc7) Exception occured: FirefoxDriver: firefox on windows (209988ff-1d71-4000-97bf-892c64dfcdc7) Exception occured: FirefoxDriver: firefox on windows (209988ff-1d71-4000-97bf-892c64dfcdc7) Exception occured: FirefoxDriver: firefox on windows (209988ff-1d71-4000-97bf-892c64dfcdc7) Exception occured: FirefoxDriver: firefox on windows (209988ff-1d71-4000-97bf-892c64dfcdc7) Exception occured: FirefoxDriver: firefox on windows (209988ff-1d71-4000-97bf-892c64dfcdc7) Exception occured: FirefoxDriver: firefox on windows (209988ff-1d71-4000-97bf-892c64dfcdc7) Exception occured: FirefoxDriver: firefox on windows (209988ff-1d71-4000-97bf-892c64dfcdc7) Exception occured: FirefoxDriver: firefox on windows (209988ff-1d71-4000-97bf-892c64dfcdc7) Exception occured: FirefoxDriver: firefox on windows (209988ff-1d71-4000-97bf-892c64dfcdc7) Exception occured: FirefoxDriver: firefox on windows (209988ff-1d71-4000-97bf-892c64dfcdc7) Exception occured: FirefoxDriver: firefox on windows (209988ff-1d71-4000-97bf-892c64dfcdc7) Exception occured: FirefoxDriver: firefox on windows (209988ff-1d71-4000-97bf-892c64dfcdc7) Exception occured: FirefoxDriver: firefox on windows (209988ff-1d71-4000-97bf-892c64dfcdc7) Exception occured: FirefoxDriver: firefox on windows (209988ff-1d71-4000-97bf-892c64dfcdc7) Exception occured: FirefoxDriver: firefox on windows (209988ff-1d71-4000-97bf-892c64dfcdc7) Exception occured: FirefoxDriver: firefox on windows (209988ff-1d71-4000-97bf-892c64dfcdc7) Exception occured: FirefoxDriver: firefox on windows (209988ff-1d71-4000-97bf-892c64dfcdc7) Exception occured: FirefoxDriver: firefox on windows (209988ff-1d71-4000-97bf-892c64dfcdc7) Exception occured: FirefoxDriver: firefox on windows (209988ff-1d71-4000-97bf-892c64dfcdc7) Exception occured: FirefoxDriver: firefox on windows (209988ff-1d71-4000-97bf-892c64dfcdc7) Exception occured: FirefoxDriver: firefox on windows (209988ff-1d71-4000-97bf-892c64dfcdc7) Exception occured: FirefoxDriver: firefox on windows (209988ff-1d71-4000-97bf-892c64dfcdc7) Exception occured: FirefoxDriver: firefox on windows (209988ff-1d71-4000-97bf-892c64dfcdc7) Exception occured: FirefoxDriver: firefox on windows (209988ff-1d71-4000-97bf-892c64dfcdc7) Exception occured: FirefoxDriver: firefox on windows (209988ff-1d71-4000-97bf-892c64dfcdc7) Exception occured: FirefoxDriver: firefox on windows (209988ff-1d71-4000-97bf-892c64dfcdc7) Exception occured: FirefoxDriver: firefox on windows (209988ff-1d71-4000-97bf-892c64dfcdc7) Exception occured: FirefoxDriver: firefox on windows (209988ff-1d71-4000-97bf-892c64dfcdc7) Exception occured: FirefoxDriver: firefox on windows (209988ff-1d71-4000-97bf-892c64dfcdc7) Exception occured: FirefoxDriver: firefox on windows (209988ff-1d71-4000-97bf-892c64dfcdc7) Exception occured: FirefoxDriver: firefox on windows (209988ff-1d71-4000-97bf-892c64dfcdc7) Exception occured: FirefoxDriver: firefox on windows (209988ff-1d71-4000-97bf-892c64dfcdc7) Exception occured: FirefoxDriver: firefox on windows (209988ff-1d71-4000-97bf-892c64dfcdc7) Exception occured: FirefoxDriver: firefox on windows (209988ff-1d71-4000-97bf-892c64dfcdc7) Exception occured: FirefoxDriver: firefox on windows (209988ff-1d71-4000-97bf-892c64dfcdc7) Exception occured: FirefoxDriver: firefox on windows (209988ff-1d71-4000-97bf-892c64dfcdc7) Exception occured: FirefoxDriver: firefox on windows (209988ff-1d71-4000-97bf-892c64dfcdc7) Exception occured: FirefoxDriver: firefox on windows (209988ff-1d71-4000-97bf-892c64dfcdc7) Exception occured: FirefoxDriver: firefox on windows (209988ff-1d71-4000-97bf-892c64dfcdc7) Exception occured: FirefoxDriver: firefox on windows (209988ff-1d71-4000-97bf-892c64dfcdc7) Exception occured: FirefoxDriver: firefox on windows (209988ff-1d71-4000-97bf-892c64dfcdc7) Exception occured: FirefoxDriver: firefox on windows (209988ff-1d71-4000-97bf-892c64dfcdc7) Exception occured: FirefoxDriver: firefox on windows (209988ff-1d71-4000-97bf-892c64dfcdc7) Exception occured: FirefoxDriver: firefox on windows (209988ff-1d71-4000-97bf-892c64dfcdc7) Exception occured: FirefoxDriver: firefox on windows (209988ff-1d71-4000-97bf-892c64dfcdc7) Exception occured: FirefoxDriver: firefox on windows (209988ff-1d71-4000-97bf-892c64dfcdc7) Exception occured: FirefoxDriver: firefox on windows (209988ff-1d71-4000-97bf-892c64dfcdc7) Exception occured: FirefoxDriver: firefox on windows (209988ff-1d71-4000-97bf-892c64dfcdc7) Exception occured: FirefoxDriver: firefox on windows (209988ff-1d71-4000-97bf-892c64dfcdc7) Exception occured: FirefoxDriver: firefox on windows (209988ff-1d71-4000-97bf-892c64dfcdc7) Exception occured: FirefoxDriver: firefox on windows (209988ff-1d71-4000-97bf-892c64dfcdc7) Exception occured: FirefoxDriver: firefox on windows (209988ff-1d71-4000-97bf-892c64dfcdc7) Exception occured: FirefoxDriver: firefox on windows (209988ff-1d71-4000-97bf-892c64dfcdc7) Exception occured: FirefoxDriver: firefox on windows (209988ff-1d71-4000-97bf-892c64dfcdc7) Exception occured: FirefoxDriver: firefox on windows (209988ff-1d71-4000-97bf-892c64dfcdc7) Exception occured: FirefoxDriver: firefox on windows (209988ff-1d71-4000-97bf-892c64dfcdc7) Exception occured: FirefoxDriver: firefox on windows (209988ff-1d71-4000-97bf-892c64dfcdc7) Exception occured: FirefoxDriver: firefox on windows (209988ff-1d71-4000-97bf-892c64dfcdc7) Exception occured: FirefoxDriver: firefox on windows (209988ff-1d71-4000-97bf-892c64dfcdc7) Exception occured: FirefoxDriver: firefox on windows (209988ff-1d71-4000-97bf-892c64dfcdc7) Exception occured: FirefoxDriver: firefox on windows (209988ff-1d71-4000-97bf-892c64dfcdc7) Exception occured: FirefoxDriver: firefox on windows (209988ff-1d71-4000-97bf-892c64dfcdc7) Exception occured: FirefoxDriver: firefox on windows (209988ff-1d71-4000-97bf-892c64dfcdc7) Exception occured: FirefoxDriver: firefox on windows (209988ff-1d71-4000-97bf-892c64dfcdc7) Exception occured: FirefoxDriver: firefox on windows (209988ff-1d71-4000-97bf-892c64dfcdc7) Exception occured: FirefoxDriver: firefox on windows (209988ff-1d71-4000-97bf-892c64dfcdc7) Exception occured: FirefoxDriver: firefox on windows (209988ff-1d71-4000-97bf-892c64dfcdc7) Exception occured: FirefoxDriver: firefox on windows (209988ff-1d71-4000-97bf-892c64dfcdc7) Exception occured: FirefoxDriver: firefox on windows (209988ff-1d71-4000-97bf-892c64dfcdc7) Exception occured: FirefoxDriver: firefox on windows (209988ff-1d71-4000-97bf-892c64dfcdc7) Exception occured: FirefoxDriver: firefox on windows (209988ff-1d71-4000-97bf-892c64dfcdc7) Exception occured: FirefoxDriver: firefox on windows (209988ff-1d71-4000-97bf-892c64dfcdc7) Exception occured: FirefoxDriver: firefox on windows (209988ff-1d71-4000-97bf-892c64dfcdc7) Exception occured: FirefoxDriver: firefox on windows (209988ff-1d71-4000-97bf-892c64dfcdc7) Exception occured: FirefoxDriver: firefox on windows (209988ff-1d71-4000-97bf-892c64dfcdc7) Exception occured: FirefoxDriver: firefox on windows (209988ff-1d71-4000-97bf-892c64dfcdc7) Exception occured: FirefoxDriver: firefox on windows (209988ff-1d71-4000-97bf-892c64dfcdc7) Exception occured: FirefoxDriver: firefox on windows (209988ff-1d71-4000-97bf-892c64dfcdc7) Exception occured: FirefoxDriver: firefox on windows (209988ff-1d71-4000-97bf-892c64dfcdc7) Exception occured: FirefoxDriver: firefox on windows (209988ff-1d71-4000-97bf-892c64dfcdc7) Exception occured: FirefoxDriver: firefox on windows (209988ff-1d71-4000-97bf-892c64dfcdc7) Exception occured: FirefoxDriver: firefox on windows (209988ff-1d71-4000-97bf-892c64dfcdc7) Exception occured: FirefoxDriver: firefox on windows (209988ff-1d71-4000-97bf-892c64dfcdc7) Exception occured: FirefoxDriver: firefox on windows (209988ff-1d71-4000-97bf-892c64dfcdc7) Exception occured: FirefoxDriver: firefox on windows (209988ff-1d71-4000-97bf-892c64dfcdc7) Exception occured: FirefoxDriver: firefox on windows (209988ff-1d71-4000-97bf-892c64dfcdc7) Exception occured: FirefoxDriver: firefox on windows (209988ff-1d71-4000-97bf-892c64dfcdc7) Exception occured: FirefoxDriver: firefox on windows (209988ff-1d71-4000-97bf-892c64dfcdc7) Exception occured: FirefoxDriver: firefox on windows (209988ff-1d71-4000-97bf-892c64dfcdc7) Exception occured: FirefoxDriver: firefox on windows (209988ff-1d71-4000-97bf-892c64dfcdc7) Exception occured: FirefoxDriver: firefox on windows (209988ff-1d71-4000-97bf-892c64dfcdc7) Exception occured: FirefoxDriver: firefox on windows (209988ff-1d71-4000-97bf-892c64dfcdc7) Exception occured: FirefoxDriver: firefox on windows (209988ff-1d71-4000-97bf-892c64dfcdc7) Exception occured: FirefoxDriver: firefox on windows (209988ff-1d71-4000-97bf-892c64dfcdc7) Exception occured: FirefoxDriver: firefox on windows (209988ff-1d71-4000-97bf-892c64dfcdc7) Exception occured: FirefoxDriver: firefox on windows (209988ff-1d71-4000-97bf-892c64dfcdc7) Exception occured: FirefoxDriver: firefox on windows (209988ff-1d71-4000-97bf-892c64dfcdc7) Exception occured: FirefoxDriver: firefox on windows (209988ff-1d71-4000-97bf-892c64dfcdc7) Exception occured: FirefoxDriver: firefox on windows (209988ff-1d71-4000-97bf-892c64dfcdc7) Exception occured: FirefoxDriver: firefox on windows (209988ff-1d71-4000-97bf-892c64dfcdc7) Exception occured: FirefoxDriver: firefox on windows (209988ff-1d71-4000-97bf-892c64dfcdc7) Exception occured: FirefoxDriver: firefox on windows (209988ff-1d71-4000-97bf-892c64dfcdc7) Exception occured: FirefoxDriver: firefox on windows (209988ff-1d71-4000-97bf-892c64dfcdc7) Exception occured: FirefoxDriver: firefox on windows (209988ff-1d71-4000-97bf-892c64dfcdc7) Exception occured: FirefoxDriver: firefox on windows (209988ff-1d71-4000-97bf-892c64dfcdc7) Exception occured: FirefoxDriver: firefox on windows (209988ff-1d71-4000-97bf-892c64dfcdc7) Exception occured: FirefoxDriver: firefox on windows (209988ff-1d71-4000-97bf-892c64dfcdc7) Exception occured: FirefoxDriver: firefox on windows (209988ff-1d71-4000-97bf-892c64dfcdc7) Exception occured: FirefoxDriver: firefox on windows (209988ff-1d71-4000-97bf-892c64dfcdc7) Exception occured: FirefoxDriver: firefox on windows (209988ff-1d71-4000-97bf-892c64dfcdc7) Exception occured: FirefoxDriver: firefox on windows (209988ff-1d71-4000-97bf-892c64dfcdc7) Exception occured: FirefoxDriver: firefox on windows (209988ff-1d71-4000-97bf-892c64dfcdc7) Exception occured: FirefoxDriver: firefox on windows (209988ff-1d71-4000-97bf-892c64dfcdc7) Exception occured: FirefoxDriver: firefox on windows (209988ff-1d71-4000-97bf-892c64dfcdc7) Exception occured: FirefoxDriver: firefox on windows (209988ff-1d71-4000-97bf-892c64dfcdc7) Exception occured: FirefoxDriver: firefox on windows (209988ff-1d71-4000-97bf-892c64dfcdc7) Exception occured: FirefoxDriver: firefox on windows (209988ff-1d71-4000-97bf-892c64dfcdc7) Exception occured: FirefoxDriver: firefox on windows (209988ff-1d71-4000-97bf-892c64dfcdc7) Exception occured: FirefoxDriver: firefox on windows (209988ff-1d71-4000-97bf-892c64dfcdc7) Exception occured: FirefoxDriver: firefox on windows (209988ff-1d71-4000-97bf-892c64dfcdc7) Exception occured: FirefoxDriver: firefox on windows (209988ff-1d71-4000-97bf-892c64dfcdc7) Exception occured: FirefoxDriver: firefox on windows (209988ff-1d71-4000-97bf-892c64dfcdc7) Exception occured: FirefoxDriver: firefox on windows (209988ff-1d71-4000-97bf-892c64dfcdc7) Exception occured: FirefoxDriver: firefox on windows (209988ff-1d71-4000-97bf-892c64dfcdc7) Exception occured: FirefoxDriver: firefox on windows (209988ff-1d71-4000-97bf-892c64dfcdc7) Exception occured: FirefoxDriver: firefox on windows (209988ff-1d71-4000-97bf-892c64dfcdc7) Exception occured: FirefoxDriver: firefox on windows (209988ff-1d71-4000-97bf-892c64dfcdc7) Exception occured: FirefoxDriver: firefox on windows (209988ff-1d71-4000-97bf-892c64dfcdc7) Exception occured: FirefoxDriver: firefox on windows (209988ff-1d71-4000-97bf-892c64dfcdc7) Exception occured: FirefoxDriver: firefox on windows (209988ff-1d71-4000-97bf-892c64dfcdc7) Exception occured: FirefoxDriver: firefox on windows (209988ff-1d71-4000-97bf-892c64dfcdc7) Exception occured: FirefoxDriver: firefox on windows (209988ff-1d71-4000-97bf-892c64dfcdc7) Exception occured: FirefoxDriver: firefox on windows (209988ff-1d71-4000-97bf-892c64dfcdc7) Exception occured: FirefoxDriver: firefox on windows (209988ff-1d71-4000-97bf-892c64dfcdc7) Exception occured: FirefoxDriver: firefox on windows (209988ff-1d71-4000-97bf-892c64dfcdc7) Exception occured: FirefoxDriver: firefox on windows (209988ff-1d71-4000-97bf-892c64dfcdc7) Exception occured: FirefoxDriver: firefox on windows (209988ff-1d71-4000-97bf-892c64dfcdc7) Exception occured: FirefoxDriver: firefox on windows (209988ff-1d71-4000-97bf-892c64dfcdc7) Exception occured: FirefoxDriver: firefox on windows (209988ff-1d71-4000-97bf-892c64dfcdc7) Exception occured: FirefoxDriver: firefox on windows (209988ff-1d71-4000-97bf-892c64dfcdc7) Exception occured: FirefoxDriver: firefox on windows (209988ff-1d71-4000-97bf-892c64dfcdc7) Exception occured: FirefoxDriver: firefox on windows (209988ff-1d71-4000-97bf-892c64dfcdc7) Exception occured: FirefoxDriver: firefox on windows (209988ff-1d71-4000-97bf-892c64dfcdc7) Exception occured: FirefoxDriver: firefox on windows (209988ff-1d71-4000-97bf-892c64dfcdc7) Exception occured: FirefoxDriver: firefox on windows (209988ff-1d71-4000-97bf-892c64dfcdc7) Exception occured: FirefoxDriver: firefox on windows (209988ff-1d71-4000-97bf-892c64dfcdc7) Exception occured: FirefoxDriver: firefox on windows (209988ff-1d71-4000-97bf-892c64dfcdc7) Exception occured: FirefoxDriver: firefox on windows (209988ff-1d71-4000-97bf-892c64dfcdc7) Exception occured: FirefoxDriver: firefox on windows (209988ff-1d71-4000-97bf-892c64dfcdc7) Exception occured: FirefoxDriver: firefox on windows (209988ff-1d71-4000-97bf-892c64dfcdc7) Exception occured: FirefoxDriver: firefox on windows (209988ff-1d71-4000-97bf-892c64dfcdc7) Exception occured: FirefoxDriver: firefox on windows (209988ff-1d71-4000-97bf-892c64dfcdc7) Exception occured: FirefoxDriver: firefox on windows (209988ff-1d71-4000-97bf-892c64dfcdc7) Exception occured: FirefoxDriver: firefox on windows (209988ff-1d71-4000-97bf-892c64dfcdc7) Exception occured: FirefoxDriver: firefox on windows (209988ff-1d71-4000-97bf-892c64dfcdc7) Exception occured: FirefoxDriver: firefox on windows (209988ff-1d71-4000-97bf-892c64dfcdc7) Exception occured: FirefoxDriver: firefox on windows (209988ff-1d71-4000-97bf-892c64dfcdc7) Exception occured: FirefoxDriver: firefox on windows (209988ff-1d71-4000-97bf-892c64dfcdc7) Exception occured: FirefoxDriver: firefox on windows (209988ff-1d71-4000-97bf-892c64dfcdc7) Exception occured: FirefoxDriver: firefox on windows (209988ff-1d71-4000-97bf-892c64dfcdc7) Exception occured: FirefoxDriver: firefox on windows (209988ff-1d71-4000-97bf-892c64dfcdc7) Exception occured: FirefoxDriver: firefox on windows (209988ff-1d71-4000-97bf-892c64dfcdc7) Exception occured: FirefoxDriver: firefox on windows (209988ff-1d71-4000-97bf-892c64dfcdc7) Exception occured: FirefoxDriver: firefox on windows (209988ff-1d71-4000-97bf-892c64dfcdc7) Exception occured: FirefoxDriver: firefox on windows (209988ff-1d71-4000-97bf-892c64dfcdc7) Exception occured: FirefoxDriver: firefox on windows (209988ff-1d71-4000-97bf-892c64dfcdc7) Exception occured: FirefoxDriver: firefox on windows (209988ff-1d71-4000-97bf-892c64dfcdc7) Exception occured: FirefoxDriver: firefox on windows (209988ff-1d71-4000-97bf-892c64dfcdc7) Exception occured: FirefoxDriver: firefox on windows (209988ff-1d71-4000-97bf-892c64dfcdc7) Exception occured: FirefoxDriver: firefox on windows (209988ff-1d71-4000-97bf-892c64dfcdc7) Exception occured: FirefoxDriver: firefox on windows (209988ff-1d71-4000-97bf-892c64dfcdc7) Exception occured: FirefoxDriver: firefox on windows (209988ff-1d71-4000-97bf-892c64dfcdc7) Exception occured: FirefoxDriver: firefox on windows (209988ff-1d71-4000-97bf-892c64dfcdc7) Exception occured: FirefoxDriver: firefox on windows (209988ff-1d71-4000-97bf-892c64dfcdc7) Exception occured: FirefoxDriver: firefox on windows (209988ff-1d71-4000-97bf-892c64dfcdc7) Exception occured: FirefoxDriver: firefox on windows (209988ff-1d71-4000-97bf-892c64dfcdc7) Exception occured: FirefoxDriver: firefox on windows (209988ff-1d71-4000-97bf-892c64dfcdc7) Exception occured: FirefoxDriver: firefox on windows (209988ff-1d71-4000-97bf-892c64dfcdc7) Exception occured: FirefoxDriver: firefox on windows (209988ff-1d71-4000-97bf-892c64dfcdc7) Exception occured: FirefoxDriver: firefox on windows (209988ff-1d71-4000-97bf-892c64dfcdc7) Exception occured: FirefoxDriver: firefox on windows (209988ff-1d71-4000-97bf-892c64dfcdc7) Exception occured: FirefoxDriver: firefox on windows (209988ff-1d71-4000-97bf-892c64dfcdc7) Exception occured: FirefoxDriver: firefox on windows (209988ff-1d71-4000-97bf-892c64dfcdc7) Exception occured: FirefoxDriver: firefox on windows (209988ff-1d71-4000-97bf-892c64dfcdc7) Exception occured: FirefoxDriver: firefox on windows (209988ff-1d71-4000-97bf-892c64dfcdc7) Exception occured: FirefoxDriver: firefox on windows (209988ff-1d71-4000-97bf-892c64dfcdc7) Exception occured: FirefoxDriver: firefox on windows (209988ff-1d71-4000-97bf-892c64dfcdc7) Exception occured: FirefoxDriver: firefox on windows (209988ff-1d71-4000-97bf-892c64dfcdc7) Exception occured: FirefoxDriver: firefox on windows (209988ff-1d71-4000-97bf-892c64dfcdc7) Exception occured: FirefoxDriver: firefox on windows (209988ff-1d71-4000-97bf-892c64dfcdc7) Exception occured: FirefoxDriver: firefox on windows (209988ff-1d71-4000-97bf-892c64dfcdc7) Exception occured: FirefoxDriver: firefox on windows (209988ff-1d71-4000-97bf-892c64dfcdc7) Exception occured: FirefoxDriver: firefox on windows (209988ff-1d71-4000-97bf-892c64dfcdc7) Exception occured: FirefoxDriver: firefox on windows (209988ff-1d71-4000-97bf-892c64dfcdc7) Exception occured: FirefoxDriver: firefox on windows (209988ff-1d71-4000-97bf-892c64dfcdc7) Exception occured: FirefoxDriver: firefox on windows (209988ff-1d71-4000-97bf-892c64dfcdc7) Exception occured: FirefoxDriver: firefox on windows (209988ff-1d71-4000-97bf-892c64dfcdc7) Exception occured: FirefoxDriver: firefox on windows (209988ff-1d71-4000-97bf-892c64dfcdc7) Exception occured: FirefoxDriver: firefox on windows (209988ff-1d71-4000-97bf-892c64dfcdc7) Exception occured: FirefoxDriver: firefox on windows (209988ff-1d71-4000-97bf-892c64dfcdc7) Exception occured: FirefoxDriver: firefox on windows (209988ff-1d71-4000-97bf-892c64dfcdc7) Exception occured: FirefoxDriver: firefox on windows (209988ff-1d71-4000-97bf-892c64dfcdc7) Exception occured: FirefoxDriver: firefox on windows (209988ff-1d71-4000-97bf-892c64dfcdc7) Exception occured: FirefoxDriver: firefox on windows (209988ff-1d71-4000-97bf-892c64dfcdc7) Exception occured: FirefoxDriver: firefox on windows (209988ff-1d71-4000-97bf-892c64dfcdc7) Exception occured: FirefoxDriver: firefox on windows (209988ff-1d71-4000-97bf-892c64dfcdc7) Exception occured: FirefoxDriver: firefox on windows (209988ff-1d71-4000-97bf-892c64dfcdc7) Exception occured: FirefoxDriver: firefox on windows (209988ff-1d71-4000-97bf-892c64dfcdc7) Exception occured: FirefoxDriver: firefox on windows (209988ff-1d71-4000-97bf-892c64dfcdc7) Exception occured: FirefoxDriver: firefox on windows (209988ff-1d71-4000-97bf-892c64dfcdc7) Exception occured: FirefoxDriver: firefox on windows (209988ff-1d71-4000-97bf-892c64dfcdc7) Exception occured: FirefoxDriver: firefox on windows (209988ff-1d71-4000-97bf-892c64dfcdc7) Exception occured: FirefoxDriver: firefox on windows (209988ff-1d71-4000-97bf-892c64dfcdc7) Exception occured: FirefoxDriver: firefox on windows (209988ff-1d71-4000-97bf-892c64dfcdc7) Exception occured: FirefoxDriver: firefox on windows (209988ff-1d71-4000-97bf-892c64dfcdc7) Exception occured: FirefoxDriver: firefox on windows (209988ff-1d71-4000-97bf-892c64dfcdc7) Exception occured: FirefoxDriver: firefox on windows (209988ff-1d71-4000-97bf-892c64dfcdc7) Exception occured: FirefoxDriver: firefox on windows (209988ff-1d71-4000-97bf-892c64dfcdc7) Exception occured: FirefoxDriver: firefox on windows (209988ff-1d71-4000-97bf-892c64dfcdc7) Exception occured: FirefoxDriver: firefox on windows (209988ff-1d71-4000-97bf-892c64dfcdc7) Exception occured: FirefoxDriver: firefox on windows (209988ff-1d71-4000-97bf-892c64dfcdc7) Exception occured: FirefoxDriver: firefox on windows (209988ff-1d71-4000-97bf-892c64dfcdc7) Exception occured: FirefoxDriver: firefox on windows (209988ff-1d71-4000-97bf-892c64dfcdc7) Exception occured: FirefoxDriver: firefox on windows (209988ff-1d71-4000-97bf-892c64dfcdc7) Exception occured: FirefoxDriver: firefox on windows (209988ff-1d71-4000-97bf-892c64dfcdc7) Exception occured: FirefoxDriver: firefox on windows (209988ff-1d71-4000-97bf-892c64dfcdc7) Exception occured: FirefoxDriver: firefox on windows (209988ff-1d71-4000-97bf-892c64dfcdc7) Exception occured: FirefoxDriver: firefox on windows (209988ff-1d71-4000-97bf-892c64dfcdc7) Exception occured: FirefoxDriver: firefox on windows (209988ff-1d71-4000-97bf-892c64dfcdc7) Exception occured: FirefoxDriver: firefox on windows (209988ff-1d71-4000-97bf-892c64dfcdc7) Exception occured: FirefoxDriver: firefox on windows (209988ff-1d71-4000-97bf-892c64dfcdc7) Exception occured: FirefoxDriver: firefox on windows (209988ff-1d71-4000-97bf-892c64dfcdc7) Exception occured: FirefoxDriver: firefox on windows (209988ff-1d71-4000-97bf-892c64dfcdc7) Exception occured: FirefoxDriver: firefox on windows (209988ff-1d71-4000-97bf-892c64dfcdc7) Exception occured: FirefoxDriver: firefox on windows (209988ff-1d71-4000-97bf-892c64dfcdc7) Exception occured: FirefoxDriver: firefox on windows (209988ff-1d71-4000-97bf-892c64dfcdc7) Exception occured: FirefoxDriver: firefox on windows (209988ff-1d71-4000-97bf-892c64dfcdc7) Exception occured: FirefoxDriver: firefox on windows (209988ff-1d71-4000-97bf-892c64dfcdc7) Exception occured: FirefoxDriver: firefox on windows (209988ff-1d71-4000-97bf-892c64dfcdc7) Exception occured: FirefoxDriver: firefox on windows (209988ff-1d71-4000-97bf-892c64dfcdc7) Exception occured: FirefoxDriver: firefox on windows (209988ff-1d71-4000-97bf-892c64dfcdc7) Exception occured: FirefoxDriver: firefox on windows (209988ff-1d71-4000-97bf-892c64dfcdc7) Exception occured: FirefoxDriver: firefox on windows (209988ff-1d71-4000-97bf-892c64dfcdc7) Exception occured: FirefoxDriver: firefox on windows (209988ff-1d71-4000-97bf-892c64dfcdc7) Exception occured: FirefoxDriver: firefox on windows (209988ff-1d71-4000-97bf-892c64dfcdc7) Exception occured: FirefoxDriver: firefox on windows (209988ff-1d71-4000-97bf-892c64dfcdc7) Exception occured: FirefoxDriver: firefox on windows (209988ff-1d71-4000-97bf-892c64dfcdc7) Exception occured: FirefoxDriver: firefox on windows (209988ff-1d71-4000-97bf-892c64dfcdc7) Exception occured: FirefoxDriver: firefox on windows (209988ff-1d71-4000-97bf-892c64dfcdc7) Exception occured: FirefoxDriver: firefox on windows (209988ff-1d71-4000-97bf-892c64dfcdc7) Exception occured: FirefoxDriver: firefox on windows (209988ff-1d71-4000-97bf-892c64dfcdc7) Exception occured: FirefoxDriver: firefox on windows (209988ff-1d71-4000-97bf-892c64dfcdc7) Exception occured: FirefoxDriver: firefox on windows (209988ff-1d71-4000-97bf-892c64dfcdc7) Exception occured: FirefoxDriver: firefox on windows (209988ff-1d71-4000-97bf-892c64dfcdc7) Exception occured: FirefoxDriver: firefox on windows (209988ff-1d71-4000-97bf-892c64dfcdc7) Exception occured: FirefoxDriver: firefox on windows (209988ff-1d71-4000-97bf-892c64dfcdc7) Exception occured: FirefoxDriver: firefox on windows (209988ff-1d71-4000-97bf-892c64dfcdc7) Exception occured: FirefoxDriver: firefox on windows (209988ff-1d71-4000-97bf-892c64dfcdc7) Exception occured: FirefoxDriver: firefox on windows (209988ff-1d71-4000-97bf-892c64dfcdc7) Exception occured: FirefoxDriver: firefox on windows (209988ff-1d71-4000-97bf-892c64dfcdc7) Exception occured: FirefoxDriver: firefox on windows (209988ff-1d71-4000-97bf-892c64dfcdc7) Exception occured: FirefoxDriver: firefox on windows (209988ff-1d71-4000-97bf-892c64dfcdc7) Exception occured: FirefoxDriver: firefox on windows (209988ff-1d71-4000-97bf-892c64dfcdc7) Exception occured: FirefoxDriver: firefox on windows (209988ff-1d71-4000-97bf-892c64dfcdc7) Exception occured: FirefoxDriver: firefox on windows (209988ff-1d71-4000-97bf-892c64dfcdc7) Exception occured: FirefoxDriver: firefox on windows (209988ff-1d71-4000-97bf-892c64dfcdc7)  </system-out>
  <testcase classname="com.project.bachthree.automation.qa.tests.FormStoneChechBoxTest" name="closeBrowserSession" time="4.222">
    <error message="Tried to run command without establishing a connection
Build info: version: &#039;4.24.0&#039;, revision: &#039;748ffc9bc3&#039;
System info: os.name: &#039;Windows 10&#039;, os.arch: &#039;amd64&#039;, os.version: &#039;10.0&#039;, java.version: &#039;17.0.7&#039;
Driver info: org.openqa.selenium.firefox.FirefoxDriver
Command: [209988ff-1d71-4000-97bf-892c64dfcdc7, screenshot {}]
Capabilities {acceptInsecureCerts: true, browserName: firefox, browserVersion: 132.0.1, moz:accessibilityChecks: false, moz:buildID: 20241103194048, moz:debuggerAddress: 127.0.0.1:30170, moz:geckodriverVersion: 0.35.0, moz:headless: false, moz:platformVersion: 10.0, moz:processID: 15088, moz:profile: C:\Users\USER\AppData\Local..., moz:shutdownTimeout: 60000, moz:webdriverClick: true, moz:windowless: false, pageLoadStrategy: normal, platformName: windows, proxy: Proxy(), se:cdp: ws://127.0.0.1:30170/devtoo..., se:cdpVersion: 85.0, setWindowRect: true, strictFileInteractability: false, timeouts: {implicit: 0, pageLoad: 300000, script: 30000}, unhandledPromptBehavior: dismiss and notify, userAgent: Mozilla/5.0 (Windows NT 10....}
Session ID: 209988ff-1d71-4000-97bf-892c64dfcdc7" type="org.openqa.selenium.NoSuchSessionException">
      <![CDATA[org.openqa.selenium.NoSuchSessionException: Tried to run command without establishing a connection
Build info: version: '4.24.0', revision: '748ffc9bc3'
System info: os.name: 'Windows 10', os.arch: 'amd64', os.version: '10.0', java.version: '17.0.7'
Driver info: org.openqa.selenium.firefox.FirefoxDriver
Command: [209988ff-1d71-4000-97bf-892c64dfcdc7, screenshot {}]
Capabilities {acceptInsecureCerts: true, browserName: firefox, browserVersion: 132.0.1, moz:accessibilityChecks: false, moz:buildID: 20241103194048, moz:debuggerAddress: 127.0.0.1:30170, moz:geckodriverVersion: 0.35.0, moz:headless: false, moz:platformVersion: 10.0, moz:processID: 15088, moz:profile: C:\Users\USER\AppData\Local..., moz:shutdownTimeout: 60000, moz:webdriverClick: true, moz:windowless: false, pageLoadStrategy: normal, platformName: windows, proxy: Proxy(), se:cdp: ws://127.0.0.1:30170/devtoo..., se:cdpVersion: 85.0, setWindowRect: true, strictFileInteractability: false, timeouts: {implicit: 0, pageLoad: 300000, script: 30000}, unhandledPromptBehavior: dismiss and notify, userAgent: Mozilla/5.0 (Windows NT 10....}
Session ID: 209988ff-1d71-4000-97bf-892c64dfcdc7
at jdk.internal.reflect.GeneratedConstructorAccessor13.newInstance(Unknown Source)
at java.base/jdk.internal.reflect.DelegatingConstructorAccessorImpl.newInstance(DelegatingConstructorAccessorImpl.java:45)
at java.base/java.lang.reflect.Constructor.newInstanceWithCaller(Constructor.java:499)
at java.base/java.lang.reflect.Constructor.newInstance(Constructor.java:480)
at org.openqa.selenium.remote.ErrorCodec.decode(ErrorCodec.java:167)
at org.openqa.selenium.remote.codec.w3c.W3CHttpResponseCodec.decode(W3CHttpResponseCodec.java:138)
at org.openqa.selenium.remote.codec.w3c.W3CHttpResponseCodec.decode(W3CHttpResponseCodec.java:50)
at org.openqa.selenium.remote.HttpCommandExecutor.execute(HttpCommandExecutor.java:190)
at org.openqa.selenium.remote.service.DriverCommandExecutor.invokeExecute(DriverCommandExecutor.java:216)
at org.openqa.selenium.remote.service.DriverCommandExecutor.execute(DriverCommandExecutor.java:174)
at org.openqa.selenium.remote.RemoteWebDriver.execute(RemoteWebDriver.java:545)
at org.openqa.selenium.remote.RemoteWebDriver.execute(RemoteWebDriver.java:618)
at org.openqa.selenium.remote.RemoteWebDriver.execute(RemoteWebDriver.java:622)
at org.openqa.selenium.remote.RemoteWebDriver.getScreenshotAs(RemoteWebDriver.java:334)
at jdk.internal.reflect.GeneratedMethodAccessor11.invoke(Unknown Source)
at java.base/jdk.internal.reflect.DelegatingMethodAccessorImpl.invoke(DelegatingMethodAccessorImpl.java:43)
at java.base/java.lang.reflect.Method.invoke(Method.java:568)
at org.openqa.selenium.support.decorators.WebDriverDecorator.call(WebDriverDecorator.java:249)
at org.openqa.selenium.support.decorators.DefaultDecorated.call(DefaultDecorated.java:48)
at org.openqa.selenium.support.decorators.WebDriverDecorator.lambda$createProxy$2(WebDriverDecorator.java:321)
at net.bytebuddy.renamed.java.lang.Object$ByteBuddy$ivAm0a3P.getScreenshotAs(Unknown Source)
at com.project.bachthree.automation.qa.base.BaseClass.closeBrowserSession(BaseClass.java:110)
at java.base/jdk.internal.reflect.NativeMethodAccessorImpl.invoke0(Native Method)
at java.base/jdk.internal.reflect.NativeMethodAccessorImpl.invoke(NativeMethodAccessorImpl.java:77)
at java.base/jdk.internal.reflect.DelegatingMethodAccessorImpl.invoke(DelegatingMethodAccessorImpl.java:43)
at java.base/java.lang.reflect.Method.invoke(Method.java:568)
at org.testng.internal.MethodInvocationHelper.invokeMethod(MethodInvocationHelper.java:134)
at org.testng.internal.MethodInvocationHelper.invokeMethodConsideringTimeout(MethodInvocationHelper.java:63)
at org.testng.internal.ConfigInvoker.invokeConfigurationMethod(ConfigInvoker.java:348)
at org.testng.internal.ConfigInvoker.invokeConfigurations(ConfigInvoker.java:302)
at org.testng.internal.TestInvoker.runConfigMethods(TestInvoker.java:695)
at org.testng.internal.TestInvoker.runAfterGroupsConfigurations(TestInvoker.java:671)
at org.testng.internal.TestInvoker.invokeMethod(TestInvoker.java:655)
at org.testng.internal.TestInvoker.invokeTestMethod(TestInvoker.java:173)
at org.testng.internal.MethodRunner.runInSequence(MethodRunner.java:46)
at org.testng.internal.TestInvoker$MethodInvocationAgent.invoke(TestInvoker.java:816)
at org.testng.internal.TestInvoker.invokeTestMethods(TestInvoker.java:146)
at org.testng.internal.TestMethodWorker.invokeTestMethods(TestMethodWorker.java:146)
at org.testng.internal.TestMethodWorker.run(TestMethodWorker.java:128)
at java.base/java.util.ArrayList.forEach(ArrayList.java:1511)
at org.testng.TestRunner.privateRun(TestRunner.java:766)
at org.testng.TestRunner.run(TestRunner.java:587)
[...]
71-4000-97bf-892c64dfcdc7) Exception occured: FirefoxDriver: firefox on windows (209988ff-1d71-4000-97bf-892c64dfcdc7) Exception occured: FirefoxDriver: firefox on windows (209988ff-1d71-4000-97bf-892c64dfcdc7) Exception occured: FirefoxDriver: firefox on windows (209988ff-1d71-4000-97bf-892c64dfcdc7) Exception occured: FirefoxDriver: firefox on windows (209988ff-1d71-4000-97bf-892c64dfcdc7) Exception occured: FirefoxDriver: firefox on windows (209988ff-1d71-4000-97bf-892c64dfcdc7) Exception occured: FirefoxDriver: firefox on windows (209988ff-1d71-4000-97bf-892c64dfcdc7) Exception occured: FirefoxDriver: firefox on windows (209988ff-1d71-4000-97bf-892c64dfcdc7) Exception occured: FirefoxDriver: firefox on windows (209988ff-1d71-4000-97bf-892c64dfcdc7) Exception occured: FirefoxDriver: firefox on windows (209988ff-1d71-4000-97bf-892c64dfcdc7) Exception occured: FirefoxDriver: firefox on windows (209988ff-1d71-4000-97bf-892c64dfcdc7) Exception occured: FirefoxDriver: firefox on windows (209988ff-1d71-4000-97bf-892c64dfcdc7) Exception occured: FirefoxDriver: firefox on windows (209988ff-1d71-4000-97bf-892c64dfcdc7) Exception occured: FirefoxDriver: firefox on windows (209988ff-1d71-4000-97bf-892c64dfcdc7) Exception occured: FirefoxDriver: firefox on windows (209988ff-1d71-4000-97bf-892c64dfcdc7) Exception occured: FirefoxDriver: firefox on windows (209988ff-1d71-4000-97bf-892c64dfcdc7) Exception occured: FirefoxDriver: firefox on windows (209988ff-1d71-4000-97bf-892c64dfcdc7) Exception occured: FirefoxDriver: firefox on windows (209988ff-1d71-4000-97bf-892c64dfcdc7) Exception occured: FirefoxDriver: firefox on windows (209988ff-1d71-4000-97bf-892c64dfcdc7) Exception occured: FirefoxDriver: firefox on windows (209988ff-1d71-4000-97bf-892c64dfcdc7) Exception occured: FirefoxDriver: firefox on windows (209988ff-1d71-4000-97bf-892c64dfcdc7) Exception occured: FirefoxDriver: firefox on windows (209988ff-1d71-4000-97bf-892c64dfcdc7) Exception occured: FirefoxDriver: firefox on windows (209988ff-1d71-4000-97bf-892c64dfcdc7) Exception occured: FirefoxDriver: firefox on windows (209988ff-1d71-4000-97bf-892c64dfcdc7) Exception occured: FirefoxDriver: firefox on windows (209988ff-1d71-4000-97bf-892c64dfcdc7) Exception occured: FirefoxDriver: firefox on windows (209988ff-1d71-4000-97bf-892c64dfcdc7) Exception occured: FirefoxDriver: firefox on windows (209988ff-1d71-4000-97bf-892c64dfcdc7) Exception occured: FirefoxDriver: firefox on windows (209988ff-1d71-4000-97bf-892c64dfcdc7) Exception occured: FirefoxDriver: firefox on windows (209988ff-1d71-4000-97bf-892c64dfcdc7) Exception occured: FirefoxDriver: firefox on windows (209988ff-1d71-4000-97bf-892c64dfcdc7) Exception occured: FirefoxDriver: firefox on windows (209988ff-1d71-4000-97bf-892c64dfcdc7) Exception occured: FirefoxDriver: firefox on windows (209988ff-1d71-4000-97bf-892c64dfcdc7) Exception occured: FirefoxDriver: firefox on windows (209988ff-1d71-4000-97bf-892c64dfcdc7) Exception occured: FirefoxDriver: firefox on windows (209988ff-1d71-4000-97bf-892c64dfcdc7) Exception occured: FirefoxDriver: firefox on windows (209988ff-1d71-4000-97bf-892c64dfcdc7) Exception occured: FirefoxDriver: firefox on windows (209988ff-1d71-4000-97bf-892c64dfcdc7) Exception occured: FirefoxDriver: firefox on windows (209988ff-1d71-4000-97bf-892c64dfcdc7) Exception occured: FirefoxDriver: firefox on windows (209988ff-1d71-4000-97bf-892c64dfcdc7) Exception occured: FirefoxDriver: firefox on windows (209988ff-1d71-4000-97bf-892c64dfcdc7) Exception occured: FirefoxDriver: firefox on windows (209988ff-1d71-4000-97bf-892c64dfcdc7) Exception occured: FirefoxDriver: firefox on windows (209988ff-1d71-4000-97bf-892c64dfcdc7) Exception occured: FirefoxDriver: firefox on windows (209988ff-1d71-4000-97bf-892c64dfcdc7) Exception occured: FirefoxDriver: firefox on windows (209988ff-1d71-4000-97bf-892c64dfcdc7) Exception occured: FirefoxDriver: firefox on windows (209988ff-1d71-4000-97bf-892c64dfcdc7) Exception occured: FirefoxDriver: firefox on windows (209988ff-1d71-4000-97bf-892c64dfcdc7) Exception occured: FirefoxDriver: firefox on windows (209988ff-1d71-4000-97bf-892c64dfcdc7) Exception occured: FirefoxDriver: firefox on windows (209988ff-1d71-4000-97bf-892c64dfcdc7) Exception occured: FirefoxDriver: firefox on windows (209988ff-1d71-4000-97bf-892c64dfcdc7) Exception occured: FirefoxDriver: firefox on windows (209988ff-1d71-4000-97bf-892c64dfcdc7) Exception occured: FirefoxDriver: firefox on windows (209988ff-1d71-4000-97bf-892c64dfcdc7) Exception occured: FirefoxDriver: firefox on windows (209988ff-1d71-4000-97bf-892c64dfcdc7) Exception occured: FirefoxDriver: firefox on windows (209988ff-1d71-4000-97bf-892c64dfcdc7) Exception occured: FirefoxDriver: firefox on windows (209988ff-1d71-4000-97bf-892c64dfcdc7) Exception occured: FirefoxDriver: firefox on windows (209988ff-1d71-4000-97bf-892c64dfcdc7) Exception occured: FirefoxDriver: firefox on windows (209988ff-1d71-4000-97bf-892c64dfcdc7) Exception occured: FirefoxDriver: firefox on windows (209988ff-1d71-4000-97bf-892c64dfcdc7) Exception occured: FirefoxDriver: firefox on windows (209988ff-1d71-4000-97bf-892c64dfcdc7) Exception occured: FirefoxDriver: firefox on windows (209988ff-1d71-4000-97bf-892c64dfcdc7) Exception occured: FirefoxDriver: firefox on windows (209988ff-1d71-4000-97bf-892c64dfcdc7) Exception occured: FirefoxDriver: firefox on windows (209988ff-1d71-4000-97bf-892c64dfcdc7) Exception occured: FirefoxDriver: firefox on windows (209988ff-1d71-4000-97bf-892c64dfcdc7) Exception occured: FirefoxDriver: firefox on windows (209988ff-1d71-4000-97bf-892c64dfcdc7) Exception occured: FirefoxDriver: firefox on windows (209988ff-1d71-4000-97bf-892c64dfcdc7) Exception occured: FirefoxDriver: firefox on windows (209988ff-1d71-4000-97bf-892c64dfcdc7) Exception occured: FirefoxDriver: firefox on windows (209988ff-1d71-4000-97bf-892c64dfcdc7) Exception occured: FirefoxDriver: firefox on windows (209988ff-1d71-4000-97bf-892c64dfcdc7) Exception occured: FirefoxDriver: firefox on windows (209988ff-1d71-4000-97bf-892c64dfcdc7) Exception occured: FirefoxDriver: firefox on windows (209988ff-1d71-4000-97bf-892c64dfcdc7) Exception occured: FirefoxDriver: firefox on windows (209988ff-1d71-4000-97bf-892c64dfcdc7) Exception occured: FirefoxDriver: firefox on windows (209988ff-1d71-4000-97bf-892c64dfcdc7) Exception occured: FirefoxDriver: firefox on windows (209988ff-1d71-4000-97bf-892c64dfcdc7) Exception occured: FirefoxDriver: firefox on windows (209988ff-1d71-4000-97bf-892c64dfcdc7) Exception occured: FirefoxDriver: firefox on windows (209988ff-1d71-4000-97bf-892c64dfcdc7) Exception occured: FirefoxDriver: firefox on windows (209988ff-1d71-4000-97bf-892c64dfcdc7) Exception occured: FirefoxDriver: firefox on windows (209988ff-1d71-4000-97bf-892c64dfcdc7) Exception occured: FirefoxDriver: firefox on windows (209988ff-1d71-4000-97bf-892c64dfcdc7) Exception occured: FirefoxDriver: firefox on windows (209988ff-1d71-4000-97bf-892c64dfcdc7) Exception occured: FirefoxDriver: firefox on windows (209988ff-1d71-4000-97bf-892c64dfcdc7) Exception occured: FirefoxDriver: firefox on windows (209988ff-1d71-4000-97bf-892c64dfcdc7) Exception occured: FirefoxDriver: firefox on windows (209988ff-1d71-4000-97bf-892c64dfcdc7) Exception occured: FirefoxDriver: firefox on windows (209988ff-1d71-4000-97bf-892c64dfcdc7) Exception occured: FirefoxDriver: firefox on windows (209988ff-1d71-4000-97bf-892c64dfcdc7) Exception occured: FirefoxDriver: firefox on windows (209988ff-1d71-4000-97bf-892c64dfcdc7) Exception occured: FirefoxDriver: firefox on windows (209988ff-1d71-4000-97bf-892c64dfcdc7) Exception occured: FirefoxDriver: firefox on windows (209988ff-1d71-4000-97bf-892c64dfcdc7) Exception occured: FirefoxDriver: firefox on windows (209988ff-1d71-4000-97bf-892c64dfcdc7) Exception occured: FirefoxDriver: firefox on windows (209988ff-1d71-4000-97bf-892c64dfcdc7) Exception occured: FirefoxDriver: firefox on windows (209988ff-1d71-4000-97bf-892c64dfcdc7) Exception occured: FirefoxDriver: firefox on windows (209988ff-1d71-4000-97bf-892c64dfcdc7) Exception occured: FirefoxDriver: firefox on windows (209988ff-1d71-4000-97bf-892c64dfcdc7) Exception occured: FirefoxDriver: firefox on windows (209988ff-1d71-4000-97bf-892c64dfcdc7) Exception occured: FirefoxDriver: firefox on windows (209988ff-1d71-4000-97bf-892c64dfcdc7) Exception occured: FirefoxDriver: firefox on windows (209988ff-1d71-4000-97bf-892c64dfcdc7) Exception occured: FirefoxDriver: firefox on windows (209988ff-1d71-4000-97bf-892c64dfcdc7) Exception occured: FirefoxDriver: firefox on windows (209988ff-1d71-4000-97bf-892c64dfcdc7) Exception occured: FirefoxDriver: firefox on windows (209988ff-1d71-4000-97bf-892c64dfcdc7) Exception occured: FirefoxDriver: firefox on windows (209988ff-1d71-4000-97bf-892c64dfcdc7) Exception occured: FirefoxDriver: firefox on windows (209988ff-1d71-4000-97bf-892c64dfcdc7) Exception occured: FirefoxDriver: firefox on windows (209988ff-1d71-4000-97bf-892c64dfcdc7) Exception occured: FirefoxDriver: firefox on windows (209988ff-1d71-4000-97bf-892c64dfcdc7) Exception occured: FirefoxDriver: firefox on windows (209988ff-1d71-4000-97bf-892c64dfcdc7) Exception occured: FirefoxDriver: firefox on windows (209988ff-1d71-4000-97bf-892c64dfcdc7) Exception occured: FirefoxDriver: firefox on windows (209988ff-1d71-4000-97bf-892c64dfcdc7) Exception occured: FirefoxDriver: firefox on windows (209988ff-1d71-4000-97bf-892c64dfcdc7) Exception occured: FirefoxDriver: firefox on windows (209988ff-1d71-4000-97bf-892c64dfcdc7) Exception occured: FirefoxDriver: firefox on windows (209988ff-1d71-4000-97bf-892c64dfcdc7) Exception occured: FirefoxDriver: firefox on windows (209988ff-1d71-4000-97bf-892c64dfcdc7) Exception occured: FirefoxDriver: firefox on windows (209988ff-1d71-4000-97bf-892c64dfcdc7) Exception occured: FirefoxDriver: firefox on windows (209988ff-1d71-4000-97bf-892c64dfcdc7) Exception occured: FirefoxDriver: firefox on windows (209988ff-1d71-4000-97bf-892c64dfcdc7) Exception occured: FirefoxDriver: firefox on windows (209988ff-1d71-4000-97bf-892c64dfcdc7) Exception occured: FirefoxDriver: firefox on windows (209988ff-1d71-4000-97bf-892c64dfcdc7) Exception occured: FirefoxDriver: firefox on windows (209988ff-1d71-4000-97bf-892c64dfcdc7) Exception occured: FirefoxDriver: firefox on windows (209988ff-1d71-4000-97bf-892c64dfcdc7) Exception occured: FirefoxDriver: firefox on windows (209988ff-1d71-4000-97bf-892c64dfcdc7) Exception occured: FirefoxDriver: firefox on windows (209988ff-1d71-4000-97bf-892c64dfcdc7) Exception occured: FirefoxDriver: firefox on windows (209988ff-1d71-4000-97bf-892c64dfcdc7) Exception occured: FirefoxDriver: firefox on windows (209988ff-1d71-4000-97bf-892c64dfcdc7) Exception occured: FirefoxDriver: firefox on windows (209988ff-1d71-4000-97bf-892c64dfcdc7) Exception occured: FirefoxDriver: firefox on windows (209988ff-1d71-4000-97bf-892c64dfcdc7) Exception occured: FirefoxDriver: firefox on windows (209988ff-1d71-4000-97bf-892c64dfcdc7) Exception occured: FirefoxDriver: firefox on windows (209988ff-1d71-4000-97bf-892c64dfcdc7) Exception occured: FirefoxDriver: firefox on windows (209988ff-1d71-4000-97bf-892c64dfcdc7) Exception occured: FirefoxDriver: firefox on windows (209988ff-1d71-4000-97bf-892c64dfcdc7) Exception occured: FirefoxDriver: firefox on windows (209988ff-1d71-4000-97bf-892c64dfcdc7) Exception occured: FirefoxDriver: firefox on windows (209988ff-1d71-4000-97bf-892c64dfcdc7) Exception occured: FirefoxDriver: firefox on windows (209988ff-1d71-4000-97bf-892c64dfcdc7) Exception occured: FirefoxDriver: firefox on windows (209988ff-1d71-4000-97bf-892c64dfcdc7) Exception occured: FirefoxDriver: firefox on windows (209988ff-1d71-4000-97bf-892c64dfcdc7) Exception occured: FirefoxDriver: firefox on windows (209988ff-1d71-4000-97bf-892c64dfcdc7) Exception occured: FirefoxDriver: firefox on windows (209988ff-1d71-4000-97bf-892c64dfcdc7) Exception occured: FirefoxDriver: firefox on windows (209988ff-1d71-4000-97bf-892c64dfcdc7) Exception occured: FirefoxDriver: firefox on windows (209988ff-1d71-4000-97bf-892c64dfcdc7) Exception occured: FirefoxDriver: firefox on windows (209988ff-1d71-4000-97bf-892c64dfcdc7) Exception occured: FirefoxDriver: firefox on windows (209988ff-1d71-4000-97bf-892c64dfcdc7) Exception occured: FirefoxDriver: firefox on windows (209988ff-1d71-4000-97bf-892c64dfcdc7) Exception occured: FirefoxDriver: firefox on windows (209988ff-1d71-4000-97bf-892c64dfcdc7) Exception occured: FirefoxDriver: firefox on windows (209988ff-1d71-4000-97bf-892c64dfcdc7) Exception occured: FirefoxDriver: firefox on windows (209988ff-1d71-4000-97bf-892c64dfcdc7) Exception occured: FirefoxDriver: firefox on windows (209988ff-1d71-4000-97bf-892c64dfcdc7) Exception occured: FirefoxDriver: firefox on windows (209988ff-1d71-4000-97bf-892c64dfcdc7) Exception occured: FirefoxDriver: firefox on windows (209988ff-1d71-4000-97bf-892c64dfcdc7) Exception occured: FirefoxDriver: firefox on windows (209988ff-1d71-4000-97bf-892c64dfcdc7) Exception occured: FirefoxDriver: firefox on windows (209988ff-1d71-4000-97bf-892c64dfcdc7) Exception occured: FirefoxDriver: firefox on windows (209988ff-1d71-4000-97bf-892c64dfcdc7) Exception occured: FirefoxDriver: firefox on windows (209988ff-1d71-4000-97bf-892c64dfcdc7) Exception occured: FirefoxDriver: firefox on windows (209988ff-1d71-4000-97bf-892c64dfcdc7) Exception occured: FirefoxDriver: firefox on windows (209988ff-1d71-4000-97bf-892c64dfcdc7) Exception occured: FirefoxDriver: firefox on windows (209988ff-1d71-4000-97bf-892c64dfcdc7) Exception occured: FirefoxDriver: firefox on windows (209988ff-1d71-4000-97bf-892c64dfcdc7) Exception occured: FirefoxDriver: firefox on windows (209988ff-1d71-4000-97bf-892c64dfcdc7) Exception occured: FirefoxDriver: firefox on windows (209988ff-1d71-4000-97bf-892c64dfcdc7) Exception occured: FirefoxDriver: firefox on windows (209988ff-1d71-4000-97bf-892c64dfcdc7) Exception occured: FirefoxDriver: firefox on windows (209988ff-1d71-4000-97bf-892c64dfcdc7) Exception occured: FirefoxDriver: firefox on windows (209988ff-1d71-4000-97bf-892c64dfcdc7) Exception occured: FirefoxDriver: firefox on windows (209988ff-1d71-4000-97bf-892c64dfcdc7) Exception occured: FirefoxDriver: firefox on windows (209988ff-1d71-4000-97bf-892c64dfcdc7) Exception occured: FirefoxDriver: firefox on windows (209988ff-1d71-4000-97bf-892c64dfcdc7) Exception occured: FirefoxDriver: firefox on windows (209988ff-1d71-4000-97bf-892c64dfcdc7) Exception occured: FirefoxDriver: firefox on windows (209988ff-1d71-4000-97bf-892c64dfcdc7) Exception occured: FirefoxDriver: firefox on windows (209988ff-1d71-4000-97bf-892c64dfcdc7) Exception occured: FirefoxDriver: firefox on windows (209988ff-1d71-4000-97bf-892c64dfcdc7) Exception occured: FirefoxDriver: firefox on windows (209988ff-1d71-4000-97bf-892c64dfcdc7) Exception occured: FirefoxDriver: firefox on windows (209988ff-1d71-4000-97bf-892c64dfcdc7) Exception occured: FirefoxDriver: firefox on windows (209988ff-1d71-4000-97bf-892c64dfcdc7) Exception occured: FirefoxDriver: firefox on windows (209988ff-1d71-4000-97bf-892c64dfcdc7) Exception occured: FirefoxDriver: firefox on windows (209988ff-1d71-4000-97bf-892c64dfcdc7) Exception occured: FirefoxDriver: firefox on windows (209988ff-1d71-4000-97bf-892c64dfcdc7) Exception occured: FirefoxDriver: firefox on windows (209988ff-1d71-4000-97bf-892c64dfcdc7) Exception occured: FirefoxDriver: firefox on windows (209988ff-1d71-4000-97bf-892c64dfcdc7) Exception occured: FirefoxDriver: firefox on windows (209988ff-1d71-4000-97bf-892c64dfcdc7) Exception occured: FirefoxDriver: firefox on windows (209988ff-1d71-4000-97bf-892c64dfcdc7) Exception occured: FirefoxDriver: firefox on windows (209988ff-1d71-4000-97bf-892c64dfcdc7) Exception occured: FirefoxDriver: firefox on windows (209988ff-1d71-4000-97bf-892c64dfcdc7) Exception occured: FirefoxDriver: firefox on windows (209988ff-1d71-4000-97bf-892c64dfcdc7) Exception occured: FirefoxDriver: firefox on windows (209988ff-1d71-4000-97bf-892c64dfcdc7) Exception occured: FirefoxDriver: firefox on windows (209988ff-1d71-4000-97bf-892c64dfcdc7) Exception occured: FirefoxDriver: firefox on windows (209988ff-1d71-4000-97bf-892c64dfcdc7) Exception occured: FirefoxDriver: firefox on windows (209988ff-1d71-4000-97bf-892c64dfcdc7) Exception occured: FirefoxDriver: firefox on windows (209988ff-1d71-4000-97bf-892c64dfcdc7) Exception occured: FirefoxDriver: firefox on windows (209988ff-1d71-4000-97bf-892c64dfcdc7) Exception occured: FirefoxDriver: firefox on windows (209988ff-1d71-4000-97bf-892c64dfcdc7) Exception occured: FirefoxDriver: firefox on windows (209988ff-1d71-4000-97bf-892c64dfcdc7) Exception occured: FirefoxDriver: firefox on windows (209988ff-1d71-4000-97bf-892c64dfcdc7) Exception occured: FirefoxDriver: firefox on windows (209988ff-1d71-4000-97bf-892c64dfcdc7) Exception occured: FirefoxDriver: firefox on windows (209988ff-1d71-4000-97bf-892c64dfcdc7) Exception occured: FirefoxDriver: firefox on windows (209988ff-1d71-4000-97bf-892c64dfcdc7) Exception occured: FirefoxDriver: firefox on windows (209988ff-1d71-4000-97bf-892c64dfcdc7) Exception occured: FirefoxDriver: firefox on windows (209988ff-1d71-4000-97bf-892c64dfcdc7) Exception occured: FirefoxDriver: firefox on windows (209988ff-1d71-4000-97bf-892c64dfcdc7) Exception occured: FirefoxDriver: firefox on windows (209988ff-1d71-4000-97bf-892c64dfcdc7) Exception occured: FirefoxDriver: firefox on windows (209988ff-1d71-4000-97bf-892c64dfcdc7) Exception occured: FirefoxDriver: firefox on windows (209988ff-1d71-4000-97bf-892c64dfcdc7) Exception occured: FirefoxDriver: firefox on windows (209988ff-1d71-4000-97bf-892c64dfcdc7) Exception occured: FirefoxDriver: firefox on windows (209988ff-1d71-4000-97bf-892c64dfcdc7) Exception occured: FirefoxDriver: firefox on windows (209988ff-1d71-4000-97bf-892c64dfcdc7) Exception occured: FirefoxDriver: firefox on windows (209988ff-1d71-4000-97bf-892c64dfcdc7) Exception occured: FirefoxDriver: firefox on windows (209988ff-1d71-4000-97bf-892c64dfcdc7) Exception occured: FirefoxDriver: firefox on windows (209988ff-1d71-4000-97bf-892c64dfcdc7) Exception occured: FirefoxDriver: firefox on windows (209988ff-1d71-4000-97bf-892c64dfcdc7) Exception occured: FirefoxDriver: firefox on windows (209988ff-1d71-4000-97bf-892c64dfcdc7) Exception occured: FirefoxDriver: firefox on windows (209988ff-1d71-4000-97bf-892c64dfcdc7) Exception occured: FirefoxDriver: firefox on windows (209988ff-1d71-4000-97bf-892c64dfcdc7) Exception occured: FirefoxDriver: firefox on windows (209988ff-1d71-4000-97bf-892c64dfcdc7) Exception occured: FirefoxDriver: firefox on windows (209988ff-1d71-4000-97bf-892c64dfcdc7) Exception occured: FirefoxDriver: firefox on windows (209988ff-1d71-4000-97bf-892c64dfcdc7) Exception occured: FirefoxDriver: firefox on windows (209988ff-1d71-4000-97bf-892c64dfcdc7) Exception occured: FirefoxDriver: firefox on windows (209988ff-1d71-4000-97bf-892c64dfcdc7) Exception occured: FirefoxDriver: firefox on windows (209988ff-1d71-4000-97bf-892c64dfcdc7) Exception occured: FirefoxDriver: firefox on windows (209988ff-1d71-4000-97bf-892c64dfcdc7) Exception occured: FirefoxDriver: firefox on windows (209988ff-1d71-4000-97bf-892c64dfcdc7) Exception occured: FirefoxDriver: firefox on windows (209988ff-1d71-4000-97bf-892c64dfcdc7) Exception occured: FirefoxDriver: firefox on windows (209988ff-1d71-4000-97bf-892c64dfcdc7) Exception occured: FirefoxDriver: firefox on windows (209988ff-1d71-4000-97bf-892c64dfcdc7) Exception occured: FirefoxDriver: firefox on windows (209988ff-1d71-4000-97bf-892c64dfcdc7) Exception occured: FirefoxDriver: firefox on windows (209988ff-1d71-4000-97bf-892c64dfcdc7) Exception occured: FirefoxDriver: firefox on windows (209988ff-1d71-4000-97bf-892c64dfcdc7)  </system-out>
</testsuite> <!-- com.project.bachthree.automation.qa.tests.FormStoneChechBoxTest -->
